[2025-02-11 06:18:13Z INFO HostContext] No proxy settings were found based on environmental variables (http_proxy/https_proxy/HTTP_PROXY/HTTPS_PROXY)
[2025-02-11 06:18:13Z INFO HostContext] Well known directory 'Bin': 'C:\Users\ShivaniRShankar\Downloads\Virtualbox-demo\webapp\actions-runner\bin'
[2025-02-11 06:18:13Z INFO HostContext] Well known directory 'Root': 'C:\Users\ShivaniRShankar\Downloads\Virtualbox-demo\webapp\actions-runner'
[2025-02-11 06:18:13Z INFO HostContext] Well known config file 'Credentials': 'C:\Users\ShivaniRShankar\Downloads\Virtualbox-demo\webapp\actions-runner\.credentials'
[2025-02-11 06:18:13Z INFO HostContext] Well known directory 'Bin': 'C:\Users\ShivaniRShankar\Downloads\Virtualbox-demo\webapp\actions-runner\bin'
[2025-02-11 06:18:13Z INFO HostContext] Well known directory 'Root': 'C:\Users\ShivaniRShankar\Downloads\Virtualbox-demo\webapp\actions-runner'
[2025-02-11 06:18:13Z INFO HostContext] Well known config file 'Runner': 'C:\Users\ShivaniRShankar\Downloads\Virtualbox-demo\webapp\actions-runner\.runner'
[2025-02-11 06:18:13Z INFO Listener] Runner is built for Windows (X64) - win-x64.
[2025-02-11 06:18:13Z INFO Listener] RuntimeInformation: Microsoft Windows 10.0.22631.
[2025-02-11 06:18:13Z INFO Listener] Version: 2.322.0
[2025-02-11 06:18:13Z INFO Listener] Commit: 0edc478ca75d0a753dcbcec7405f3f26db67b1ac
[2025-02-11 06:18:13Z INFO Listener] Culture: en-IN
[2025-02-11 06:18:13Z INFO Listener] UI Culture: en-US
[2025-02-11 06:18:13Z INFO HostContext] Well known directory 'Bin': 'C:\Users\ShivaniRShankar\Downloads\Virtualbox-demo\webapp\actions-runner\bin'
[2025-02-11 06:18:13Z INFO HostContext] Well known directory 'Root': 'C:\Users\ShivaniRShankar\Downloads\Virtualbox-demo\webapp\actions-runner'
[2025-02-11 06:18:13Z INFO Listener] Validating directory permissions for: 'C:\Users\ShivaniRShankar\Downloads\Virtualbox-demo\webapp\actions-runner'
[2025-02-11 06:18:13Z INFO CommandLineParser] Parse
[2025-02-11 06:18:13Z INFO CommandLineParser] Parsing 1 args
[2025-02-11 06:18:13Z INFO CommandLineParser] parsing argument
[2025-02-11 06:18:13Z INFO CommandLineParser] HasArgs: False
[2025-02-11 06:18:13Z INFO CommandLineParser] Adding Command: run
[2025-02-11 06:18:13Z INFO Listener] Arguments parsed
[2025-02-11 06:18:13Z INFO Runner] ExecuteCommand
[2025-02-11 06:18:13Z INFO ConfigurationStore] currentAssemblyLocation: C:\Users\ShivaniRShankar\Downloads\Virtualbox-demo\webapp\actions-runner\bin\Runner.Listener.dll
[2025-02-11 06:18:13Z INFO HostContext] Well known directory 'Bin': 'C:\Users\ShivaniRShankar\Downloads\Virtualbox-demo\webapp\actions-runner\bin'
[2025-02-11 06:18:13Z INFO ConfigurationStore] binPath: C:\Users\ShivaniRShankar\Downloads\Virtualbox-demo\webapp\actions-runner\bin
[2025-02-11 06:18:13Z INFO HostContext] Well known directory 'Bin': 'C:\Users\ShivaniRShankar\Downloads\Virtualbox-demo\webapp\actions-runner\bin'
[2025-02-11 06:18:13Z INFO HostContext] Well known directory 'Root': 'C:\Users\ShivaniRShankar\Downloads\Virtualbox-demo\webapp\actions-runner'
[2025-02-11 06:18:13Z INFO ConfigurationStore] RootFolder: C:\Users\ShivaniRShankar\Downloads\Virtualbox-demo\webapp\actions-runner
[2025-02-11 06:18:13Z INFO HostContext] Well known directory 'Bin': 'C:\Users\ShivaniRShankar\Downloads\Virtualbox-demo\webapp\actions-runner\bin'
[2025-02-11 06:18:13Z INFO HostContext] Well known directory 'Root': 'C:\Users\ShivaniRShankar\Downloads\Virtualbox-demo\webapp\actions-runner'
[2025-02-11 06:18:13Z INFO HostContext] Well known config file 'Runner': 'C:\Users\ShivaniRShankar\Downloads\Virtualbox-demo\webapp\actions-runner\.runner'
[2025-02-11 06:18:13Z INFO ConfigurationStore] ConfigFilePath: C:\Users\ShivaniRShankar\Downloads\Virtualbox-demo\webapp\actions-runner\.runner
[2025-02-11 06:18:13Z INFO HostContext] Well known directory 'Bin': 'C:\Users\ShivaniRShankar\Downloads\Virtualbox-demo\webapp\actions-runner\bin'
[2025-02-11 06:18:13Z INFO HostContext] Well known directory 'Root': 'C:\Users\ShivaniRShankar\Downloads\Virtualbox-demo\webapp\actions-runner'
[2025-02-11 06:18:13Z INFO HostContext] Well known config file 'Credentials': 'C:\Users\ShivaniRShankar\Downloads\Virtualbox-demo\webapp\actions-runner\.credentials'
[2025-02-11 06:18:13Z INFO ConfigurationStore] CredFilePath: C:\Users\ShivaniRShankar\Downloads\Virtualbox-demo\webapp\actions-runner\.credentials
[2025-02-11 06:18:13Z INFO HostContext] Well known directory 'Bin': 'C:\Users\ShivaniRShankar\Downloads\Virtualbox-demo\webapp\actions-runner\bin'
[2025-02-11 06:18:13Z INFO HostContext] Well known directory 'Root': 'C:\Users\ShivaniRShankar\Downloads\Virtualbox-demo\webapp\actions-runner'
[2025-02-11 06:18:13Z INFO HostContext] Well known config file 'MigratedCredentials': 'C:\Users\ShivaniRShankar\Downloads\Virtualbox-demo\webapp\actions-runner\.credentials_migrated'
[2025-02-11 06:18:13Z INFO ConfigurationStore] MigratedCredFilePath: C:\Users\ShivaniRShankar\Downloads\Virtualbox-demo\webapp\actions-runner\.credentials_migrated
[2025-02-11 06:18:13Z INFO HostContext] Well known directory 'Bin': 'C:\Users\ShivaniRShankar\Downloads\Virtualbox-demo\webapp\actions-runner\bin'
[2025-02-11 06:18:13Z INFO HostContext] Well known directory 'Root': 'C:\Users\ShivaniRShankar\Downloads\Virtualbox-demo\webapp\actions-runner'
[2025-02-11 06:18:13Z INFO HostContext] Well known config file 'Service': 'C:\Users\ShivaniRShankar\Downloads\Virtualbox-demo\webapp\actions-runner\.service'
[2025-02-11 06:18:13Z INFO ConfigurationStore] ServiceConfigFilePath: C:\Users\ShivaniRShankar\Downloads\Virtualbox-demo\webapp\actions-runner\.service
[2025-02-11 06:18:13Z INFO CommandSettings] Flag 'help': 'False'
[2025-02-11 06:18:13Z INFO CommandSettings] Flag 'version': 'False'
[2025-02-11 06:18:13Z INFO CommandSettings] Flag 'commit': 'False'
[2025-02-11 06:18:13Z INFO CommandSettings] Flag 'check': 'False'
[2025-02-11 06:18:13Z INFO CommandSettings] Command 'configure': 'False'
[2025-02-11 06:18:13Z INFO CommandSettings] Command 'remove': 'False'
[2025-02-11 06:18:13Z INFO CommandSettings] Command 'warmup': 'False'
[2025-02-11 06:18:13Z INFO ConfigurationManager] LoadSettings
[2025-02-11 06:18:13Z INFO ConfigurationStore] IsConfigured()
[2025-02-11 06:18:13Z INFO ConfigurationStore] IsConfigured: True
[2025-02-11 06:18:13Z INFO ConfigurationManager] Is configured: True
[2025-02-11 06:18:13Z INFO ConfigurationStore] Read setting file: 331 chars
[2025-02-11 06:18:13Z INFO ConfigurationManager] Settings Loaded
[2025-02-11 06:18:13Z INFO ConfigurationStore] IsServiceConfigured()
[2025-02-11 06:18:13Z INFO ConfigurationStore] IsServiceConfigured: False
[2025-02-11 06:18:13Z INFO CommandSettings] Command 'run': 'True'
[2025-02-11 06:18:13Z INFO ConfigurationStore] IsConfigured()
[2025-02-11 06:18:13Z INFO ConfigurationStore] IsConfigured: True
[2025-02-11 06:18:13Z INFO ConfigurationManager] Is configured: True
[2025-02-11 06:18:13Z INFO Runner] Could not parse the argument value '' for StartupType. Defaulting to Manual
[2025-02-11 06:18:13Z INFO Runner] Set runner startup type - Manual
[2025-02-11 06:18:13Z INFO CommandSettings] Flag 'once': 'False'
[2025-02-11 06:18:13Z INFO CommandSettings] Flag 'once': 'False'
[2025-02-11 06:18:13Z INFO Runner] RunAsync
[2025-02-11 06:18:13Z INFO ConfigurationManager] LoadSettings
[2025-02-11 06:18:13Z INFO ConfigurationStore] IsConfigured()
[2025-02-11 06:18:13Z INFO ConfigurationStore] IsConfigured: True
[2025-02-11 06:18:13Z INFO ConfigurationManager] Is configured: True
[2025-02-11 06:18:13Z INFO ConfigurationManager] Settings Loaded
[2025-02-11 06:18:13Z INFO MessageListener] {
  "AgentId": 21,
  "AgentName": "LAPTOP-OI8LFRJP",
  "PoolId": 1,
  "PoolName": "Default",
  "ServerUrl": "https://pipelinesghubeus5.actions.githubusercontent.com/jdYqh5grQ5yqqVdXHpEgOSXGBVDX4lo6IkrmrdjkCe1AsJZvZB/",
  "GitHubUrl": "https://github.com/Shivanirshankar/nginxserveronvirtualboxvm",
  "WorkFolder": "_work"
}
[2025-02-11 06:18:13Z INFO MessageListener] Loading Credentials
[2025-02-11 06:18:13Z INFO ConfigurationStore] HasCredentials()
[2025-02-11 06:18:13Z INFO ConfigurationStore] stored True
[2025-02-11 06:18:13Z INFO CredentialManager] GetCredentialProvider
[2025-02-11 06:18:13Z INFO CredentialManager] Creating type OAuth
[2025-02-11 06:18:13Z INFO CredentialManager] Creating credential type: OAuth
[2025-02-11 06:18:13Z INFO HostContext] Well known directory 'Bin': 'C:\Users\ShivaniRShankar\Downloads\Virtualbox-demo\webapp\actions-runner\bin'
[2025-02-11 06:18:13Z INFO HostContext] Well known directory 'Root': 'C:\Users\ShivaniRShankar\Downloads\Virtualbox-demo\webapp\actions-runner'
[2025-02-11 06:18:13Z INFO HostContext] Well known config file 'RSACredentials': 'C:\Users\ShivaniRShankar\Downloads\Virtualbox-demo\webapp\actions-runner\.credentials_rsaparams'
[2025-02-11 06:18:13Z INFO RSAEncryptedFileKeyManager] Loading RSA key parameters from file C:\Users\ShivaniRShankar\Downloads\Virtualbox-demo\webapp\actions-runner\.credentials_rsaparams
[2025-02-11 06:18:13Z INFO MessageListener] Attempt to create session.
[2025-02-11 06:18:13Z INFO MessageListener] Connecting to the Runner Server...
[2025-02-11 06:18:13Z INFO RunnerServer] EstablishVssConnection
[2025-02-11 06:18:13Z INFO RunnerServer] Establish connection with 100 seconds timeout.
[2025-02-11 06:18:13Z INFO GitHubActionsService] Starting operation Location.GetConnectionData
[2025-02-11 06:18:13Z INFO RunnerServer] EstablishVssConnection
[2025-02-11 06:18:13Z INFO RunnerServer] Establish connection with 60 seconds timeout.
[2025-02-11 06:18:13Z INFO GitHubActionsService] Starting operation Location.GetConnectionData
[2025-02-11 06:18:13Z INFO RunnerServer] EstablishVssConnection
[2025-02-11 06:18:13Z INFO RunnerServer] Establish connection with 60 seconds timeout.
[2025-02-11 06:18:13Z INFO GitHubActionsService] Starting operation Location.GetConnectionData
[2025-02-11 06:18:15Z INFO GitHubActionsService] Finished operation Location.GetConnectionData
[2025-02-11 06:18:15Z INFO GitHubActionsService] Finished operation Location.GetConnectionData
[2025-02-11 06:18:15Z INFO GitHubActionsService] Finished operation Location.GetConnectionData
[2025-02-11 06:18:15Z INFO MessageListener] VssConnection created
[2025-02-11 06:18:15Z INFO Terminal] WRITE LINE: 
[2025-02-11 06:18:15Z INFO Terminal] WRITE LINE: 
[2025-02-11 06:18:15Z INFO RSAEncryptedFileKeyManager] Loading RSA key parameters from file C:\Users\ShivaniRShankar\Downloads\Virtualbox-demo\webapp\actions-runner\.credentials_rsaparams
[2025-02-11 06:18:15Z INFO RSAEncryptedFileKeyManager] Loading RSA key parameters from file C:\Users\ShivaniRShankar\Downloads\Virtualbox-demo\webapp\actions-runner\.credentials_rsaparams
[2025-02-11 06:18:16Z INFO GitHubActionsService] AAD Correlation ID for this token request: Unknown
[2025-02-11 06:18:17Z INFO MessageListener] Session created.
[2025-02-11 06:18:17Z INFO Terminal] WRITE LINE: Current runner version: '2.322.0'
[2025-02-11 06:18:17Z INFO Terminal] WRITE LINE: 2025-02-11 06:18:17Z: Listening for Jobs
[2025-02-11 06:18:17Z INFO JobDispatcher] Set runner/worker IPC timeout to 30 seconds.
[2025-02-11 06:18:17Z INFO RSAEncryptedFileKeyManager] Loading RSA key parameters from file C:\Users\ShivaniRShankar\Downloads\Virtualbox-demo\webapp\actions-runner\.credentials_rsaparams
[2025-02-11 06:18:18Z INFO GitHubActionsService] AAD Correlation ID for this token request: Unknown
[2025-02-11 06:18:51Z INFO MessageListener] Message '3941452572383961715' received from session '07d0113a-e067-47f4-9caa-e998c1f1396a'.
[2025-02-11 06:18:51Z INFO ConfigurationStore] HasCredentials()
[2025-02-11 06:18:51Z INFO ConfigurationStore] stored True
[2025-02-11 06:18:51Z INFO CredentialManager] GetCredentialProvider
[2025-02-11 06:18:51Z INFO CredentialManager] Creating type OAuth
[2025-02-11 06:18:51Z INFO CredentialManager] Creating credential type: OAuth
[2025-02-11 06:18:51Z INFO RSAEncryptedFileKeyManager] Loading RSA key parameters from file C:\Users\ShivaniRShankar\Downloads\Virtualbox-demo\webapp\actions-runner\.credentials_rsaparams
[2025-02-11 06:18:51Z INFO ActionsRunServer] EstablishVssConnection
[2025-02-11 06:18:51Z INFO ActionsRunServer] Establish connection with 100 seconds timeout.
[2025-02-11 06:18:51Z INFO GitHubActionsService] Starting operation Location.GetConnectionData
[2025-02-11 06:18:52Z INFO GitHubActionsService] Finished operation Location.GetConnectionData
[2025-02-11 06:18:52Z INFO RSAEncryptedFileKeyManager] Loading RSA key parameters from file C:\Users\ShivaniRShankar\Downloads\Virtualbox-demo\webapp\actions-runner\.credentials_rsaparams
[2025-02-11 06:18:52Z INFO RSAEncryptedFileKeyManager] Loading RSA key parameters from file C:\Users\ShivaniRShankar\Downloads\Virtualbox-demo\webapp\actions-runner\.credentials_rsaparams
[2025-02-11 06:18:53Z INFO GitHubActionsService] AAD Correlation ID for this token request: Unknown
[2025-02-11 06:18:54Z INFO JobDispatcher] Job request 15 for plan 0d6ad496-eb12-4515-9bc3-4a6a65d99aed job de432112-adb6-5ad5-3f3e-213de73019ca received.
[2025-02-11 06:18:54Z INFO JobDispatcher] Pull OrchestrationId 0d6ad496-eb12-4515-9bc3-4a6a65d99aed.deploy-nginx-vm.__default from JWT claims
[2025-02-11 06:18:54Z INFO MessageListener] Received job status event. JobState: Busy
[2025-02-11 06:18:54Z INFO MessageListener] _getMessagesTokenSource is already disposed.
[2025-02-11 06:18:54Z INFO Terminal] WRITE LINE: 2025-02-11 06:18:54Z: Running job: deploy-nginx-vm
[2025-02-11 06:18:54Z INFO JobDispatcher] Start renew job request 15 for job de432112-adb6-5ad5-3f3e-213de73019ca.
[2025-02-11 06:18:54Z INFO JobDispatcher] Successfully renew job request 15, job is valid till 11-02-2025 06:28:53
[2025-02-11 06:18:54Z INFO HostContext] Well known directory 'Bin': 'C:\Users\ShivaniRShankar\Downloads\Virtualbox-demo\webapp\actions-runner\bin'
[2025-02-11 06:18:54Z INFO ProcessInvokerWrapper] Starting process:
[2025-02-11 06:18:54Z INFO ProcessInvokerWrapper]   File name: 'C:\Users\ShivaniRShankar\Downloads\Virtualbox-demo\webapp\actions-runner\bin\Runner.Worker.exe'
[2025-02-11 06:18:54Z INFO ProcessInvokerWrapper]   Arguments: 'spawnclient 1740 1380'
[2025-02-11 06:18:54Z INFO ProcessInvokerWrapper]   Working directory: 'C:\Users\ShivaniRShankar\Downloads\Virtualbox-demo\webapp\actions-runner\bin'
[2025-02-11 06:18:54Z INFO ProcessInvokerWrapper]   Require exit code zero: 'False'
[2025-02-11 06:18:54Z INFO ProcessInvokerWrapper]   Encoding web name:  ; code page: ''
[2025-02-11 06:18:54Z INFO ProcessInvokerWrapper]   Force kill process on cancellation: 'True'
[2025-02-11 06:18:54Z INFO ProcessInvokerWrapper]   Redirected STDIN: 'False'
[2025-02-11 06:18:54Z INFO ProcessInvokerWrapper]   Persist current code page: 'False'
[2025-02-11 06:18:54Z INFO ProcessInvokerWrapper]   Keep redirected STDIN open: 'False'
[2025-02-11 06:18:54Z INFO ProcessInvokerWrapper]   High priority process: 'True'
[2025-02-11 06:18:54Z INFO ProcessInvokerWrapper] Process started with process id 6932, waiting for process exit.
[2025-02-11 06:18:55Z INFO JobDispatcher] Send job request message to worker for job de432112-adb6-5ad5-3f3e-213de73019ca.
[2025-02-11 06:18:55Z INFO ProcessChannel] Sending message of length 25992, with hash 'a70d1fc30a6ac43c6febba339e9b082b34bd1f855d9ceaee9c37c3da4c1140de'
[2025-02-11 06:18:56Z INFO JobNotification] Entering JobStarted Notification
[2025-02-11 06:18:56Z INFO JobNotification] Entering StartMonitor
[2025-02-11 06:19:20Z INFO ProcessInvokerWrapper] STDOUT/STDERR stream read finished.
[2025-02-11 06:19:20Z INFO ProcessInvokerWrapper] STDOUT/STDERR stream read finished.
[2025-02-11 06:19:20Z INFO ProcessInvokerWrapper] Finished process 6932 with exit code 102, and elapsed time 00:00:25.2388825.
[2025-02-11 06:19:20Z INFO JobDispatcher] Worker finished for job de432112-adb6-5ad5-3f3e-213de73019ca. Code: 102
[2025-02-11 06:19:20Z INFO JobDispatcher] finish job request for job de432112-adb6-5ad5-3f3e-213de73019ca with result: Failed
[2025-02-11 06:19:20Z INFO Terminal] WRITE LINE: 2025-02-11 06:19:20Z: Job deploy-nginx-vm completed with result: Failed
[2025-02-11 06:19:20Z INFO JobDispatcher] Stop renew job request for job de432112-adb6-5ad5-3f3e-213de73019ca.
[2025-02-11 06:19:20Z INFO JobDispatcher] job renew has been cancelled, stop renew job request 15.
[2025-02-11 06:19:20Z INFO JobNotification] Entering JobCompleted Notification
[2025-02-11 06:19:20Z INFO JobNotification] Entering EndMonitor
[2025-02-11 06:19:20Z INFO MessageListener] Received job status event. JobState: Online
[2025-02-11 06:19:20Z INFO MessageListener] _getMessagesTokenSource is already disposed.
[2025-02-11 06:19:24Z WARN GitHubActionsService] DELETE request to https://pipelinesghubeus5.actions.githubusercontent.com/jdYqh5grQ5yqqVdXHpEgOSXGBVDX4lo6IkrmrdjkCe1AsJZvZB/_apis/distributedtask/pools/1/messages/3941452572383961715?sessionId=07d0113a-e067-47f4-9caa-e998c1f1396a has been cancelled.
[2025-02-11 06:19:24Z ERR  Runner] Catch exception during delete message from message queue. message id: 3941452572383961715
[2025-02-11 06:19:24Z ERR  Runner] System.Threading.Tasks.TaskCanceledException: The operation was canceled.
 ---> System.Threading.Tasks.TaskCanceledException: The operation was canceled.
 ---> System.IO.IOException: Unable to read data from the transport connection: The I/O operation has been aborted because of either a thread exit or an application request..
 ---> System.Net.Sockets.SocketException (995): The I/O operation has been aborted because of either a thread exit or an application request.
   --- End of inner exception stack trace ---
   at System.Net.Sockets.Socket.AwaitableSocketAsyncEventArgs.ThrowException(SocketError error, CancellationToken cancellationToken)
   at System.Net.Sockets.Socket.AwaitableSocketAsyncEventArgs.System.Threading.Tasks.Sources.IValueTaskSource<System.Int32>.GetResult(Int16 token)
   at System.Net.Security.SslStream.EnsureFullTlsFrameAsync[TIOAdapter](CancellationToken cancellationToken, Int32 estimatedSize)
   at System.Runtime.CompilerServices.PoolingAsyncValueTaskMethodBuilder`1.StateMachineBox`1.System.Threading.Tasks.Sources.IValueTaskSource<TResult>.GetResult(Int16 token)
   at System.Net.Security.SslStream.ReadAsyncInternal[TIOAdapter](Memory`1 buffer, CancellationToken cancellationToken)
   at System.Runtime.CompilerServices.PoolingAsyncValueTaskMethodBuilder`1.StateMachineBox`1.System.Threading.Tasks.Sources.IValueTaskSource<TResult>.GetResult(Int16 token)
   at System.Net.Http.HttpConnection.<EnsureReadAheadTaskHasStarted>g__ReadAheadWithZeroByteReadAsync|40_0()
   at System.Net.Http.HttpConnection.SendAsync(HttpRequestMessage request, Boolean async, CancellationToken cancellationToken)
   --- End of inner exception stack trace ---
   at System.Net.Http.HttpConnection.SendAsync(HttpRequestMessage request, Boolean async, CancellationToken cancellationToken)
   at System.Net.Http.AuthenticationHelper.SendWithNtAuthAsync(HttpRequestMessage request, Uri authUri, Boolean async, ICredentials credentials, Boolean isProxyAuth, HttpConnection connection, HttpConnectionPool connectionPool, CancellationToken cancellationToken)
   at System.Net.Http.HttpConnectionPool.SendWithVersionDetectionAndRetryAsync(HttpRequestMessage request, Boolean async, Boolean doRequestAuth, CancellationToken cancellationToken)
   at System.Net.Http.AuthenticationHelper.SendWithAuthAsync(HttpRequestMessage request, Uri authUri, Boolean async, ICredentials credentials, Boolean preAuthenticate, Boolean isProxyAuth, Boolean doRequestAuth, HttpConnectionPool pool, CancellationToken cancellationToken)
   at System.Net.Http.DecompressionHandler.SendAsync(HttpRequestMessage request, Boolean async, CancellationToken cancellationToken)
   at GitHub.Services.Common.VssHttpMessageHandler.SendAsync(HttpRequestMessage request, CancellationToken cancellationToken)
   at GitHub.Services.Common.VssHttpRetryMessageHandler.SendAsync(HttpRequestMessage request, CancellationToken cancellationToken)
   at System.Net.Http.HttpClient.<SendAsync>g__Core|83_0(HttpRequestMessage request, HttpCompletionOption completionOption, CancellationTokenSource cts, Boolean disposeCts, CancellationTokenSource pendingRequestsCts, CancellationToken originalCancellationToken)
   --- End of inner exception stack trace ---
   at System.Net.Http.HttpClient.HandleFailure(Exception e, Boolean telemetryStarted, HttpResponseMessage response, CancellationTokenSource cts, CancellationToken cancellationToken, CancellationTokenSource pendingRequestsCts)
   at System.Net.Http.HttpClient.<SendAsync>g__Core|83_0(HttpRequestMessage request, HttpCompletionOption completionOption, CancellationTokenSource cts, Boolean disposeCts, CancellationTokenSource pendingRequestsCts, CancellationToken originalCancellationToken)
   at GitHub.Services.WebApi.VssHttpClientBase.SendAsync(HttpRequestMessage message, HttpCompletionOption completionOption, Object userState, CancellationToken cancellationToken)
   at GitHub.Services.WebApi.VssHttpClientBase.SendAsync(HttpMethod method, Guid locationId, Object routeValues, ApiResourceVersion version, HttpContent content, IEnumerable`1 queryParameters, Object userState, CancellationToken cancellationToken)
   at GitHub.DistributedTask.WebApi.TaskAgentHttpClientBase.DeleteMessageAsync(Int32 poolId, Int64 messageId, Guid sessionId, Object userState, CancellationToken cancellationToken)
   at GitHub.Runner.Listener.MessageListener.DeleteMessageAsync(TaskAgentMessage message)
   at GitHub.Runner.Listener.Runner.RunAsync(RunnerSettings settings, Boolean runOnce)
[2025-02-11 06:19:24Z ERR  Runner] #####################################################
[2025-02-11 06:19:24Z ERR  Runner] System.Threading.Tasks.TaskCanceledException: The operation was canceled.
 ---> System.IO.IOException: Unable to read data from the transport connection: The I/O operation has been aborted because of either a thread exit or an application request..
 ---> System.Net.Sockets.SocketException (995): The I/O operation has been aborted because of either a thread exit or an application request.
   --- End of inner exception stack trace ---
   at System.Net.Sockets.Socket.AwaitableSocketAsyncEventArgs.ThrowException(SocketError error, CancellationToken cancellationToken)
   at System.Net.Sockets.Socket.AwaitableSocketAsyncEventArgs.System.Threading.Tasks.Sources.IValueTaskSource<System.Int32>.GetResult(Int16 token)
   at System.Net.Security.SslStream.EnsureFullTlsFrameAsync[TIOAdapter](CancellationToken cancellationToken, Int32 estimatedSize)
   at System.Runtime.CompilerServices.PoolingAsyncValueTaskMethodBuilder`1.StateMachineBox`1.System.Threading.Tasks.Sources.IValueTaskSource<TResult>.GetResult(Int16 token)
   at System.Net.Security.SslStream.ReadAsyncInternal[TIOAdapter](Memory`1 buffer, CancellationToken cancellationToken)
   at System.Runtime.CompilerServices.PoolingAsyncValueTaskMethodBuilder`1.StateMachineBox`1.System.Threading.Tasks.Sources.IValueTaskSource<TResult>.GetResult(Int16 token)
   at System.Net.Http.HttpConnection.<EnsureReadAheadTaskHasStarted>g__ReadAheadWithZeroByteReadAsync|40_0()
   at System.Net.Http.HttpConnection.SendAsync(HttpRequestMessage request, Boolean async, CancellationToken cancellationToken)
   --- End of inner exception stack trace ---
   at System.Net.Http.HttpConnection.SendAsync(HttpRequestMessage request, Boolean async, CancellationToken cancellationToken)
   at System.Net.Http.AuthenticationHelper.SendWithNtAuthAsync(HttpRequestMessage request, Uri authUri, Boolean async, ICredentials credentials, Boolean isProxyAuth, HttpConnection connection, HttpConnectionPool connectionPool, CancellationToken cancellationToken)
   at System.Net.Http.HttpConnectionPool.SendWithVersionDetectionAndRetryAsync(HttpRequestMessage request, Boolean async, Boolean doRequestAuth, CancellationToken cancellationToken)
   at System.Net.Http.AuthenticationHelper.SendWithAuthAsync(HttpRequestMessage request, Uri authUri, Boolean async, ICredentials credentials, Boolean preAuthenticate, Boolean isProxyAuth, Boolean doRequestAuth, HttpConnectionPool pool, CancellationToken cancellationToken)
   at System.Net.Http.DecompressionHandler.SendAsync(HttpRequestMessage request, Boolean async, CancellationToken cancellationToken)
   at GitHub.Services.Common.VssHttpMessageHandler.SendAsync(HttpRequestMessage request, CancellationToken cancellationToken)
   at GitHub.Services.Common.VssHttpRetryMessageHandler.SendAsync(HttpRequestMessage request, CancellationToken cancellationToken)
   at System.Net.Http.HttpClient.<SendAsync>g__Core|83_0(HttpRequestMessage request, HttpCompletionOption completionOption, CancellationTokenSource cts, Boolean disposeCts, CancellationTokenSource pendingRequestsCts, CancellationToken originalCancellationToken)
[2025-02-11 06:19:24Z ERR  Runner] #####################################################
[2025-02-11 06:19:24Z ERR  Runner] System.IO.IOException: Unable to read data from the transport connection: The I/O operation has been aborted because of either a thread exit or an application request..
 ---> System.Net.Sockets.SocketException (995): The I/O operation has been aborted because of either a thread exit or an application request.
   --- End of inner exception stack trace ---
   at System.Net.Sockets.Socket.AwaitableSocketAsyncEventArgs.ThrowException(SocketError error, CancellationToken cancellationToken)
   at System.Net.Sockets.Socket.AwaitableSocketAsyncEventArgs.System.Threading.Tasks.Sources.IValueTaskSource<System.Int32>.GetResult(Int16 token)
   at System.Net.Security.SslStream.EnsureFullTlsFrameAsync[TIOAdapter](CancellationToken cancellationToken, Int32 estimatedSize)
   at System.Runtime.CompilerServices.PoolingAsyncValueTaskMethodBuilder`1.StateMachineBox`1.System.Threading.Tasks.Sources.IValueTaskSource<TResult>.GetResult(Int16 token)
   at System.Net.Security.SslStream.ReadAsyncInternal[TIOAdapter](Memory`1 buffer, CancellationToken cancellationToken)
   at System.Runtime.CompilerServices.PoolingAsyncValueTaskMethodBuilder`1.StateMachineBox`1.System.Threading.Tasks.Sources.IValueTaskSource<TResult>.GetResult(Int16 token)
   at System.Net.Http.HttpConnection.<EnsureReadAheadTaskHasStarted>g__ReadAheadWithZeroByteReadAsync|40_0()
   at System.Net.Http.HttpConnection.SendAsync(HttpRequestMessage request, Boolean async, CancellationToken cancellationToken)
[2025-02-11 06:19:24Z ERR  Runner] #####################################################
[2025-02-11 06:19:24Z ERR  Runner] System.Net.Sockets.SocketException (995): The I/O operation has been aborted because of either a thread exit or an application request.
[2025-02-11 06:20:58Z INFO Terminal] WRITE LINE: Exiting...
[2025-02-11 06:20:58Z INFO ConfigurationStore] IsServiceConfigured()
[2025-02-11 06:20:58Z INFO ConfigurationStore] IsServiceConfigured: False
[2025-02-11 06:20:58Z INFO HostContext] Runner will be shutdown for UserCancelled
[2025-02-11 06:20:58Z WARN GitHubActionsService] GET request to https://broker.actions.githubusercontent.com/message?sessionId=07d0113a-e067-47f4-9caa-e998c1f1396a&status=Online&runnerVersion=2.322.0&os=Windows&architecture=X64&disableUpdate=false has been cancelled.
[2025-02-11 06:20:58Z ERR  BrokerServer] Catch exception during request
[2025-02-11 06:20:58Z ERR  BrokerServer] System.Threading.Tasks.TaskCanceledException: The operation was canceled.
 ---> System.Threading.Tasks.TaskCanceledException: The operation was canceled.
 ---> System.IO.IOException: Unable to read data from the transport connection: The I/O operation has been aborted because of either a thread exit or an application request..
 ---> System.Net.Sockets.SocketException (995): The I/O operation has been aborted because of either a thread exit or an application request.
   --- End of inner exception stack trace ---
   at System.Net.Sockets.Socket.AwaitableSocketAsyncEventArgs.ThrowException(SocketError error, CancellationToken cancellationToken)
   at System.Net.Sockets.Socket.AwaitableSocketAsyncEventArgs.System.Threading.Tasks.Sources.IValueTaskSource<System.Int32>.GetResult(Int16 token)
   at System.Net.Security.SslStream.EnsureFullTlsFrameAsync[TIOAdapter](CancellationToken cancellationToken, Int32 estimatedSize)
   at System.Runtime.CompilerServices.PoolingAsyncValueTaskMethodBuilder`1.StateMachineBox`1.System.Threading.Tasks.Sources.IValueTaskSource<TResult>.GetResult(Int16 token)
   at System.Net.Security.SslStream.ReadAsyncInternal[TIOAdapter](Memory`1 buffer, CancellationToken cancellationToken)
   at System.Runtime.CompilerServices.PoolingAsyncValueTaskMethodBuilder`1.StateMachineBox`1.System.Threading.Tasks.Sources.IValueTaskSource<TResult>.GetResult(Int16 token)
   at System.Net.Http.HttpConnection.SendAsync(HttpRequestMessage request, Boolean async, CancellationToken cancellationToken)
   --- End of inner exception stack trace ---
   at System.Net.Http.HttpConnection.SendAsync(HttpRequestMessage request, Boolean async, CancellationToken cancellationToken)
   at System.Net.Http.AuthenticationHelper.SendWithNtAuthAsync(HttpRequestMessage request, Uri authUri, Boolean async, ICredentials credentials, Boolean isProxyAuth, HttpConnection connection, HttpConnectionPool connectionPool, CancellationToken cancellationToken)
   at System.Net.Http.HttpConnectionPool.SendWithVersionDetectionAndRetryAsync(HttpRequestMessage request, Boolean async, Boolean doRequestAuth, CancellationToken cancellationToken)
   at System.Net.Http.AuthenticationHelper.SendWithAuthAsync(HttpRequestMessage request, Uri authUri, Boolean async, ICredentials credentials, Boolean preAuthenticate, Boolean isProxyAuth, Boolean doRequestAuth, HttpConnectionPool pool, CancellationToken cancellationToken)
   at System.Net.Http.RedirectHandler.SendAsync(HttpRequestMessage request, Boolean async, CancellationToken cancellationToken)
   at GitHub.Services.Common.RawHttpMessageHandler.SendAsync(HttpRequestMessage request, CancellationToken cancellationToken)
   at GitHub.Services.Common.VssHttpRetryMessageHandler.SendAsync(HttpRequestMessage request, CancellationToken cancellationToken)
   at System.Net.Http.HttpClient.<SendAsync>g__Core|83_0(HttpRequestMessage request, HttpCompletionOption completionOption, CancellationTokenSource cts, Boolean disposeCts, CancellationTokenSource pendingRequestsCts, CancellationToken originalCancellationToken)
   --- End of inner exception stack trace ---
   at System.Net.Http.HttpClient.HandleFailure(Exception e, Boolean telemetryStarted, HttpResponseMessage response, CancellationTokenSource cts, CancellationToken cancellationToken, CancellationTokenSource pendingRequestsCts)
   at System.Net.Http.HttpClient.<SendAsync>g__Core|83_0(HttpRequestMessage request, HttpCompletionOption completionOption, CancellationTokenSource cts, Boolean disposeCts, CancellationTokenSource pendingRequestsCts, CancellationToken originalCancellationToken)
   at Sdk.WebApi.WebApi.RawHttpClientBase.SendAsync(HttpRequestMessage message, HttpCompletionOption completionOption, Object userState, CancellationToken cancellationToken)
   at Sdk.WebApi.WebApi.RawHttpClientBase.SendAsync[T](HttpRequestMessage message, Boolean readErrorBody, Object userState, CancellationToken cancellationToken)
   at Sdk.WebApi.WebApi.RawHttpClientBase.SendAsync[T](HttpMethod method, IEnumerable`1 additionalHeaders, Uri requestUri, HttpContent content, IEnumerable`1 queryParameters, Boolean readErrorBody, Object userState, CancellationToken cancellationToken)
   at GitHub.Actions.RunService.WebApi.BrokerHttpClient.GetRunnerMessageAsync(Nullable`1 sessionId, String runnerVersion, Nullable`1 status, String os, String architecture, Nullable`1 disableUpdate, CancellationToken cancellationToken)
   at GitHub.Runner.Common.BrokerServer.<>c__DisplayClass7_0.<<GetRunnerMessageAsync>b__0>d.MoveNext()
--- End of stack trace from previous location ---
   at GitHub.Runner.Common.RunnerService.RetryRequest[T](Func`1 func, CancellationToken cancellationToken, Int32 maxRetryAttemptsCount, Func`2 shouldRetry)
[2025-02-11 06:20:58Z ERR  BrokerServer] #####################################################
[2025-02-11 06:20:58Z ERR  BrokerServer] System.Threading.Tasks.TaskCanceledException: The operation was canceled.
 ---> System.IO.IOException: Unable to read data from the transport connection: The I/O operation has been aborted because of either a thread exit or an application request..
 ---> System.Net.Sockets.SocketException (995): The I/O operation has been aborted because of either a thread exit or an application request.
   --- End of inner exception stack trace ---
   at System.Net.Sockets.Socket.AwaitableSocketAsyncEventArgs.ThrowException(SocketError error, CancellationToken cancellationToken)
   at System.Net.Sockets.Socket.AwaitableSocketAsyncEventArgs.System.Threading.Tasks.Sources.IValueTaskSource<System.Int32>.GetResult(Int16 token)
   at System.Net.Security.SslStream.EnsureFullTlsFrameAsync[TIOAdapter](CancellationToken cancellationToken, Int32 estimatedSize)
   at System.Runtime.CompilerServices.PoolingAsyncValueTaskMethodBuilder`1.StateMachineBox`1.System.Threading.Tasks.Sources.IValueTaskSource<TResult>.GetResult(Int16 token)
   at System.Net.Security.SslStream.ReadAsyncInternal[TIOAdapter](Memory`1 buffer, CancellationToken cancellationToken)
   at System.Runtime.CompilerServices.PoolingAsyncValueTaskMethodBuilder`1.StateMachineBox`1.System.Threading.Tasks.Sources.IValueTaskSource<TResult>.GetResult(Int16 token)
   at System.Net.Http.HttpConnection.SendAsync(HttpRequestMessage request, Boolean async, CancellationToken cancellationToken)
   --- End of inner exception stack trace ---
   at System.Net.Http.HttpConnection.SendAsync(HttpRequestMessage request, Boolean async, CancellationToken cancellationToken)
   at System.Net.Http.AuthenticationHelper.SendWithNtAuthAsync(HttpRequestMessage request, Uri authUri, Boolean async, ICredentials credentials, Boolean isProxyAuth, HttpConnection connection, HttpConnectionPool connectionPool, CancellationToken cancellationToken)
   at System.Net.Http.HttpConnectionPool.SendWithVersionDetectionAndRetryAsync(HttpRequestMessage request, Boolean async, Boolean doRequestAuth, CancellationToken cancellationToken)
   at System.Net.Http.AuthenticationHelper.SendWithAuthAsync(HttpRequestMessage request, Uri authUri, Boolean async, ICredentials credentials, Boolean preAuthenticate, Boolean isProxyAuth, Boolean doRequestAuth, HttpConnectionPool pool, CancellationToken cancellationToken)
   at System.Net.Http.RedirectHandler.SendAsync(HttpRequestMessage request, Boolean async, CancellationToken cancellationToken)
   at GitHub.Services.Common.RawHttpMessageHandler.SendAsync(HttpRequestMessage request, CancellationToken cancellationToken)
   at GitHub.Services.Common.VssHttpRetryMessageHandler.SendAsync(HttpRequestMessage request, CancellationToken cancellationToken)
   at System.Net.Http.HttpClient.<SendAsync>g__Core|83_0(HttpRequestMessage request, HttpCompletionOption completionOption, CancellationTokenSource cts, Boolean disposeCts, CancellationTokenSource pendingRequestsCts, CancellationToken originalCancellationToken)
[2025-02-11 06:20:58Z ERR  BrokerServer] #####################################################
[2025-02-11 06:20:58Z ERR  BrokerServer] System.IO.IOException: Unable to read data from the transport connection: The I/O operation has been aborted because of either a thread exit or an application request..
 ---> System.Net.Sockets.SocketException (995): The I/O operation has been aborted because of either a thread exit or an application request.
   --- End of inner exception stack trace ---
   at System.Net.Sockets.Socket.AwaitableSocketAsyncEventArgs.ThrowException(SocketError error, CancellationToken cancellationToken)
   at System.Net.Sockets.Socket.AwaitableSocketAsyncEventArgs.System.Threading.Tasks.Sources.IValueTaskSource<System.Int32>.GetResult(Int16 token)
   at System.Net.Security.SslStream.EnsureFullTlsFrameAsync[TIOAdapter](CancellationToken cancellationToken, Int32 estimatedSize)
   at System.Runtime.CompilerServices.PoolingAsyncValueTaskMethodBuilder`1.StateMachineBox`1.System.Threading.Tasks.Sources.IValueTaskSource<TResult>.GetResult(Int16 token)
   at System.Net.Security.SslStream.ReadAsyncInternal[TIOAdapter](Memory`1 buffer, CancellationToken cancellationToken)
   at System.Runtime.CompilerServices.PoolingAsyncValueTaskMethodBuilder`1.StateMachineBox`1.System.Threading.Tasks.Sources.IValueTaskSource<TResult>.GetResult(Int16 token)
   at System.Net.Http.HttpConnection.SendAsync(HttpRequestMessage request, Boolean async, CancellationToken cancellationToken)
[2025-02-11 06:20:58Z ERR  BrokerServer] #####################################################
[2025-02-11 06:20:58Z ERR  BrokerServer] System.Net.Sockets.SocketException (995): The I/O operation has been aborted because of either a thread exit or an application request.
[2025-02-11 06:20:58Z WARN BrokerServer] Back off 11.954 seconds before next retry. 4 attempt left.
[2025-02-11 06:20:58Z INFO MessageListener] Get next message has been cancelled.
[2025-02-11 06:20:58Z INFO JobDispatcher] Shutting down JobDispatcher. Make sure all WorkerDispatcher has finished.
[2025-02-11 06:20:58Z INFO JobDispatcher] Ensure WorkerDispatcher for job de432112-adb6-5ad5-3f3e-213de73019ca run to finish, cancel any running job.
[2025-02-11 06:20:58Z INFO JobDispatcher] Job request de432112-adb6-5ad5-3f3e-213de73019ca processed succeed.
[2025-02-11 06:20:58Z INFO Runner] Deleting Runner Session...
[2025-02-11 06:20:58Z INFO Listener] Runner execution been cancelled.
