[2025-02-11 06:22:28Z INFO HostContext] No proxy settings were found based on environmental variables (http_proxy/https_proxy/HTTP_PROXY/HTTPS_PROXY)
[2025-02-11 06:22:28Z INFO HostContext] Well known directory 'Bin': 'C:\Users\ShivaniRShankar\Downloads\Virtualbox-demo\webapp\actions-runner\bin'
[2025-02-11 06:22:28Z INFO HostContext] Well known directory 'Root': 'C:\Users\ShivaniRShankar\Downloads\Virtualbox-demo\webapp\actions-runner'
[2025-02-11 06:22:28Z INFO HostContext] Well known config file 'Credentials': 'C:\Users\ShivaniRShankar\Downloads\Virtualbox-demo\webapp\actions-runner\.credentials'
[2025-02-11 06:22:28Z INFO HostContext] Well known directory 'Bin': 'C:\Users\ShivaniRShankar\Downloads\Virtualbox-demo\webapp\actions-runner\bin'
[2025-02-11 06:22:28Z INFO HostContext] Well known directory 'Root': 'C:\Users\ShivaniRShankar\Downloads\Virtualbox-demo\webapp\actions-runner'
[2025-02-11 06:22:28Z INFO HostContext] Well known config file 'Runner': 'C:\Users\ShivaniRShankar\Downloads\Virtualbox-demo\webapp\actions-runner\.runner'
[2025-02-11 06:22:29Z INFO Listener] Runner is built for Windows (X64) - win-x64.
[2025-02-11 06:22:29Z INFO Listener] RuntimeInformation: Microsoft Windows 10.0.22631.
[2025-02-11 06:22:29Z INFO Listener] Version: 2.322.0
[2025-02-11 06:22:29Z INFO Listener] Commit: 0edc478ca75d0a753dcbcec7405f3f26db67b1ac
[2025-02-11 06:22:29Z INFO Listener] Culture: en-IN
[2025-02-11 06:22:29Z INFO Listener] UI Culture: en-US
[2025-02-11 06:22:29Z INFO HostContext] Well known directory 'Bin': 'C:\Users\ShivaniRShankar\Downloads\Virtualbox-demo\webapp\actions-runner\bin'
[2025-02-11 06:22:29Z INFO HostContext] Well known directory 'Root': 'C:\Users\ShivaniRShankar\Downloads\Virtualbox-demo\webapp\actions-runner'
[2025-02-11 06:22:29Z INFO Listener] Validating directory permissions for: 'C:\Users\ShivaniRShankar\Downloads\Virtualbox-demo\webapp\actions-runner'
[2025-02-11 06:22:29Z INFO CommandLineParser] Parse
[2025-02-11 06:22:29Z INFO CommandLineParser] Parsing 1 args
[2025-02-11 06:22:29Z INFO CommandLineParser] parsing argument
[2025-02-11 06:22:29Z INFO CommandLineParser] HasArgs: False
[2025-02-11 06:22:29Z INFO CommandLineParser] Adding Command: run
[2025-02-11 06:22:29Z INFO Listener] Arguments parsed
[2025-02-11 06:22:29Z INFO Runner] ExecuteCommand
[2025-02-11 06:22:29Z INFO ConfigurationStore] currentAssemblyLocation: C:\Users\ShivaniRShankar\Downloads\Virtualbox-demo\webapp\actions-runner\bin\Runner.Listener.dll
[2025-02-11 06:22:29Z INFO HostContext] Well known directory 'Bin': 'C:\Users\ShivaniRShankar\Downloads\Virtualbox-demo\webapp\actions-runner\bin'
[2025-02-11 06:22:29Z INFO ConfigurationStore] binPath: C:\Users\ShivaniRShankar\Downloads\Virtualbox-demo\webapp\actions-runner\bin
[2025-02-11 06:22:29Z INFO HostContext] Well known directory 'Bin': 'C:\Users\ShivaniRShankar\Downloads\Virtualbox-demo\webapp\actions-runner\bin'
[2025-02-11 06:22:29Z INFO HostContext] Well known directory 'Root': 'C:\Users\ShivaniRShankar\Downloads\Virtualbox-demo\webapp\actions-runner'
[2025-02-11 06:22:29Z INFO ConfigurationStore] RootFolder: C:\Users\ShivaniRShankar\Downloads\Virtualbox-demo\webapp\actions-runner
[2025-02-11 06:22:29Z INFO HostContext] Well known directory 'Bin': 'C:\Users\ShivaniRShankar\Downloads\Virtualbox-demo\webapp\actions-runner\bin'
[2025-02-11 06:22:29Z INFO HostContext] Well known directory 'Root': 'C:\Users\ShivaniRShankar\Downloads\Virtualbox-demo\webapp\actions-runner'
[2025-02-11 06:22:29Z INFO HostContext] Well known config file 'Runner': 'C:\Users\ShivaniRShankar\Downloads\Virtualbox-demo\webapp\actions-runner\.runner'
[2025-02-11 06:22:29Z INFO ConfigurationStore] ConfigFilePath: C:\Users\ShivaniRShankar\Downloads\Virtualbox-demo\webapp\actions-runner\.runner
[2025-02-11 06:22:29Z INFO HostContext] Well known directory 'Bin': 'C:\Users\ShivaniRShankar\Downloads\Virtualbox-demo\webapp\actions-runner\bin'
[2025-02-11 06:22:29Z INFO HostContext] Well known directory 'Root': 'C:\Users\ShivaniRShankar\Downloads\Virtualbox-demo\webapp\actions-runner'
[2025-02-11 06:22:29Z INFO HostContext] Well known config file 'Credentials': 'C:\Users\ShivaniRShankar\Downloads\Virtualbox-demo\webapp\actions-runner\.credentials'
[2025-02-11 06:22:29Z INFO ConfigurationStore] CredFilePath: C:\Users\ShivaniRShankar\Downloads\Virtualbox-demo\webapp\actions-runner\.credentials
[2025-02-11 06:22:29Z INFO HostContext] Well known directory 'Bin': 'C:\Users\ShivaniRShankar\Downloads\Virtualbox-demo\webapp\actions-runner\bin'
[2025-02-11 06:22:29Z INFO HostContext] Well known directory 'Root': 'C:\Users\ShivaniRShankar\Downloads\Virtualbox-demo\webapp\actions-runner'
[2025-02-11 06:22:29Z INFO HostContext] Well known config file 'MigratedCredentials': 'C:\Users\ShivaniRShankar\Downloads\Virtualbox-demo\webapp\actions-runner\.credentials_migrated'
[2025-02-11 06:22:29Z INFO ConfigurationStore] MigratedCredFilePath: C:\Users\ShivaniRShankar\Downloads\Virtualbox-demo\webapp\actions-runner\.credentials_migrated
[2025-02-11 06:22:29Z INFO HostContext] Well known directory 'Bin': 'C:\Users\ShivaniRShankar\Downloads\Virtualbox-demo\webapp\actions-runner\bin'
[2025-02-11 06:22:29Z INFO HostContext] Well known directory 'Root': 'C:\Users\ShivaniRShankar\Downloads\Virtualbox-demo\webapp\actions-runner'
[2025-02-11 06:22:29Z INFO HostContext] Well known config file 'Service': 'C:\Users\ShivaniRShankar\Downloads\Virtualbox-demo\webapp\actions-runner\.service'
[2025-02-11 06:22:29Z INFO ConfigurationStore] ServiceConfigFilePath: C:\Users\ShivaniRShankar\Downloads\Virtualbox-demo\webapp\actions-runner\.service
[2025-02-11 06:22:29Z INFO CommandSettings] Flag 'help': 'False'
[2025-02-11 06:22:29Z INFO CommandSettings] Flag 'version': 'False'
[2025-02-11 06:22:29Z INFO CommandSettings] Flag 'commit': 'False'
[2025-02-11 06:22:29Z INFO CommandSettings] Flag 'check': 'False'
[2025-02-11 06:22:29Z INFO CommandSettings] Command 'configure': 'False'
[2025-02-11 06:22:29Z INFO CommandSettings] Command 'remove': 'False'
[2025-02-11 06:22:29Z INFO CommandSettings] Command 'warmup': 'False'
[2025-02-11 06:22:29Z INFO ConfigurationManager] LoadSettings
[2025-02-11 06:22:29Z INFO ConfigurationStore] IsConfigured()
[2025-02-11 06:22:29Z INFO ConfigurationStore] IsConfigured: True
[2025-02-11 06:22:29Z INFO ConfigurationManager] Is configured: True
[2025-02-11 06:22:29Z INFO ConfigurationStore] Read setting file: 331 chars
[2025-02-11 06:22:29Z INFO ConfigurationManager] Settings Loaded
[2025-02-11 06:22:29Z INFO ConfigurationStore] IsServiceConfigured()
[2025-02-11 06:22:29Z INFO ConfigurationStore] IsServiceConfigured: False
[2025-02-11 06:22:29Z INFO CommandSettings] Command 'run': 'True'
[2025-02-11 06:22:29Z INFO ConfigurationStore] IsConfigured()
[2025-02-11 06:22:29Z INFO ConfigurationStore] IsConfigured: True
[2025-02-11 06:22:29Z INFO ConfigurationManager] Is configured: True
[2025-02-11 06:22:29Z INFO Runner] Could not parse the argument value '' for StartupType. Defaulting to Manual
[2025-02-11 06:22:29Z INFO Runner] Set runner startup type - Manual
[2025-02-11 06:22:29Z INFO CommandSettings] Flag 'once': 'False'
[2025-02-11 06:22:29Z INFO CommandSettings] Flag 'once': 'False'
[2025-02-11 06:22:29Z INFO Runner] RunAsync
[2025-02-11 06:22:29Z INFO ConfigurationManager] LoadSettings
[2025-02-11 06:22:29Z INFO ConfigurationStore] IsConfigured()
[2025-02-11 06:22:29Z INFO ConfigurationStore] IsConfigured: True
[2025-02-11 06:22:29Z INFO ConfigurationManager] Is configured: True
[2025-02-11 06:22:29Z INFO ConfigurationManager] Settings Loaded
[2025-02-11 06:22:29Z INFO MessageListener] {
  "AgentId": 21,
  "AgentName": "LAPTOP-OI8LFRJP",
  "PoolId": 1,
  "PoolName": "Default",
  "ServerUrl": "https://pipelinesghubeus5.actions.githubusercontent.com/jdYqh5grQ5yqqVdXHpEgOSXGBVDX4lo6IkrmrdjkCe1AsJZvZB/",
  "GitHubUrl": "https://github.com/Shivanirshankar/nginxserveronvirtualboxvm",
  "WorkFolder": "_work"
}
[2025-02-11 06:22:29Z INFO MessageListener] Loading Credentials
[2025-02-11 06:22:29Z INFO ConfigurationStore] HasCredentials()
[2025-02-11 06:22:29Z INFO ConfigurationStore] stored True
[2025-02-11 06:22:29Z INFO CredentialManager] GetCredentialProvider
[2025-02-11 06:22:29Z INFO CredentialManager] Creating type OAuth
[2025-02-11 06:22:29Z INFO CredentialManager] Creating credential type: OAuth
[2025-02-11 06:22:29Z INFO HostContext] Well known directory 'Bin': 'C:\Users\ShivaniRShankar\Downloads\Virtualbox-demo\webapp\actions-runner\bin'
[2025-02-11 06:22:29Z INFO HostContext] Well known directory 'Root': 'C:\Users\ShivaniRShankar\Downloads\Virtualbox-demo\webapp\actions-runner'
[2025-02-11 06:22:29Z INFO HostContext] Well known config file 'RSACredentials': 'C:\Users\ShivaniRShankar\Downloads\Virtualbox-demo\webapp\actions-runner\.credentials_rsaparams'
[2025-02-11 06:22:29Z INFO RSAEncryptedFileKeyManager] Loading RSA key parameters from file C:\Users\ShivaniRShankar\Downloads\Virtualbox-demo\webapp\actions-runner\.credentials_rsaparams
[2025-02-11 06:22:29Z INFO MessageListener] Attempt to create session.
[2025-02-11 06:22:29Z INFO MessageListener] Connecting to the Runner Server...
[2025-02-11 06:22:29Z INFO RunnerServer] EstablishVssConnection
[2025-02-11 06:22:29Z INFO RunnerServer] Establish connection with 100 seconds timeout.
[2025-02-11 06:22:29Z INFO GitHubActionsService] Starting operation Location.GetConnectionData
[2025-02-11 06:22:29Z INFO RunnerServer] EstablishVssConnection
[2025-02-11 06:22:29Z INFO RunnerServer] Establish connection with 60 seconds timeout.
[2025-02-11 06:22:29Z INFO GitHubActionsService] Starting operation Location.GetConnectionData
[2025-02-11 06:22:29Z INFO RunnerServer] EstablishVssConnection
[2025-02-11 06:22:29Z INFO RunnerServer] Establish connection with 60 seconds timeout.
[2025-02-11 06:22:29Z INFO GitHubActionsService] Starting operation Location.GetConnectionData
[2025-02-11 06:22:30Z INFO GitHubActionsService] Finished operation Location.GetConnectionData
[2025-02-11 06:22:30Z INFO GitHubActionsService] Finished operation Location.GetConnectionData
[2025-02-11 06:22:30Z INFO GitHubActionsService] Finished operation Location.GetConnectionData
[2025-02-11 06:22:30Z INFO MessageListener] VssConnection created
[2025-02-11 06:22:30Z INFO Terminal] WRITE LINE: 
[2025-02-11 06:22:30Z INFO Terminal] WRITE LINE: 
[2025-02-11 06:22:30Z INFO RSAEncryptedFileKeyManager] Loading RSA key parameters from file C:\Users\ShivaniRShankar\Downloads\Virtualbox-demo\webapp\actions-runner\.credentials_rsaparams
[2025-02-11 06:22:30Z INFO RSAEncryptedFileKeyManager] Loading RSA key parameters from file C:\Users\ShivaniRShankar\Downloads\Virtualbox-demo\webapp\actions-runner\.credentials_rsaparams
[2025-02-11 06:22:31Z INFO GitHubActionsService] AAD Correlation ID for this token request: Unknown
[2025-02-11 06:22:31Z INFO MessageListener] Session created.
[2025-02-11 06:22:31Z INFO Terminal] WRITE LINE: Current runner version: '2.322.0'
[2025-02-11 06:22:31Z INFO Terminal] WRITE LINE: 2025-02-11 06:22:31Z: Listening for Jobs
[2025-02-11 06:22:31Z INFO JobDispatcher] Set runner/worker IPC timeout to 30 seconds.
[2025-02-11 06:22:32Z INFO RSAEncryptedFileKeyManager] Loading RSA key parameters from file C:\Users\ShivaniRShankar\Downloads\Virtualbox-demo\webapp\actions-runner\.credentials_rsaparams
[2025-02-11 06:22:33Z INFO GitHubActionsService] AAD Correlation ID for this token request: Unknown
