[2025-02-11 06:10:25Z INFO HostContext] No proxy settings were found based on environmental variables (http_proxy/https_proxy/HTTP_PROXY/HTTPS_PROXY)
[2025-02-11 06:10:25Z INFO HostContext] Well known directory 'Bin': 'C:\Users\ShivaniRShankar\Downloads\Virtualbox-demo\webapp\actions-runner\bin'
[2025-02-11 06:10:25Z INFO HostContext] Well known directory 'Root': 'C:\Users\ShivaniRShankar\Downloads\Virtualbox-demo\webapp\actions-runner'
[2025-02-11 06:10:25Z INFO HostContext] Well known config file 'Credentials': 'C:\Users\ShivaniRShankar\Downloads\Virtualbox-demo\webapp\actions-runner\.credentials'
[2025-02-11 06:10:26Z INFO HostContext] Well known directory 'Bin': 'C:\Users\ShivaniRShankar\Downloads\Virtualbox-demo\webapp\actions-runner\bin'
[2025-02-11 06:10:26Z INFO HostContext] Well known directory 'Root': 'C:\Users\ShivaniRShankar\Downloads\Virtualbox-demo\webapp\actions-runner'
[2025-02-11 06:10:26Z INFO HostContext] Well known config file 'Runner': 'C:\Users\ShivaniRShankar\Downloads\Virtualbox-demo\webapp\actions-runner\.runner'
[2025-02-11 06:10:26Z INFO Listener] Runner is built for Windows (X64) - win-x64.
[2025-02-11 06:10:26Z INFO Listener] RuntimeInformation: Microsoft Windows 10.0.22631.
[2025-02-11 06:10:26Z INFO Listener] Version: 2.322.0
[2025-02-11 06:10:26Z INFO Listener] Commit: 0edc478ca75d0a753dcbcec7405f3f26db67b1ac
[2025-02-11 06:10:26Z INFO Listener] Culture: en-IN
[2025-02-11 06:10:26Z INFO Listener] UI Culture: en-US
[2025-02-11 06:10:26Z INFO HostContext] Well known directory 'Bin': 'C:\Users\ShivaniRShankar\Downloads\Virtualbox-demo\webapp\actions-runner\bin'
[2025-02-11 06:10:26Z INFO HostContext] Well known directory 'Root': 'C:\Users\ShivaniRShankar\Downloads\Virtualbox-demo\webapp\actions-runner'
[2025-02-11 06:10:26Z INFO Listener] Validating directory permissions for: 'C:\Users\ShivaniRShankar\Downloads\Virtualbox-demo\webapp\actions-runner'
[2025-02-11 06:10:26Z INFO CommandLineParser] Parse
[2025-02-11 06:10:26Z INFO CommandLineParser] Parsing 1 args
[2025-02-11 06:10:26Z INFO CommandLineParser] parsing argument
[2025-02-11 06:10:26Z INFO CommandLineParser] HasArgs: False
[2025-02-11 06:10:26Z INFO CommandLineParser] Adding Command: run
[2025-02-11 06:10:26Z INFO Listener] Arguments parsed
[2025-02-11 06:10:26Z INFO Runner] ExecuteCommand
[2025-02-11 06:10:26Z INFO ConfigurationStore] currentAssemblyLocation: C:\Users\ShivaniRShankar\Downloads\Virtualbox-demo\webapp\actions-runner\bin\Runner.Listener.dll
[2025-02-11 06:10:26Z INFO HostContext] Well known directory 'Bin': 'C:\Users\ShivaniRShankar\Downloads\Virtualbox-demo\webapp\actions-runner\bin'
[2025-02-11 06:10:26Z INFO ConfigurationStore] binPath: C:\Users\ShivaniRShankar\Downloads\Virtualbox-demo\webapp\actions-runner\bin
[2025-02-11 06:10:26Z INFO HostContext] Well known directory 'Bin': 'C:\Users\ShivaniRShankar\Downloads\Virtualbox-demo\webapp\actions-runner\bin'
[2025-02-11 06:10:26Z INFO HostContext] Well known directory 'Root': 'C:\Users\ShivaniRShankar\Downloads\Virtualbox-demo\webapp\actions-runner'
[2025-02-11 06:10:26Z INFO ConfigurationStore] RootFolder: C:\Users\ShivaniRShankar\Downloads\Virtualbox-demo\webapp\actions-runner
[2025-02-11 06:10:26Z INFO HostContext] Well known directory 'Bin': 'C:\Users\ShivaniRShankar\Downloads\Virtualbox-demo\webapp\actions-runner\bin'
[2025-02-11 06:10:26Z INFO HostContext] Well known directory 'Root': 'C:\Users\ShivaniRShankar\Downloads\Virtualbox-demo\webapp\actions-runner'
[2025-02-11 06:10:26Z INFO HostContext] Well known config file 'Runner': 'C:\Users\ShivaniRShankar\Downloads\Virtualbox-demo\webapp\actions-runner\.runner'
[2025-02-11 06:10:26Z INFO ConfigurationStore] ConfigFilePath: C:\Users\ShivaniRShankar\Downloads\Virtualbox-demo\webapp\actions-runner\.runner
[2025-02-11 06:10:26Z INFO HostContext] Well known directory 'Bin': 'C:\Users\ShivaniRShankar\Downloads\Virtualbox-demo\webapp\actions-runner\bin'
[2025-02-11 06:10:26Z INFO HostContext] Well known directory 'Root': 'C:\Users\ShivaniRShankar\Downloads\Virtualbox-demo\webapp\actions-runner'
[2025-02-11 06:10:26Z INFO HostContext] Well known config file 'Credentials': 'C:\Users\ShivaniRShankar\Downloads\Virtualbox-demo\webapp\actions-runner\.credentials'
[2025-02-11 06:10:26Z INFO ConfigurationStore] CredFilePath: C:\Users\ShivaniRShankar\Downloads\Virtualbox-demo\webapp\actions-runner\.credentials
[2025-02-11 06:10:26Z INFO HostContext] Well known directory 'Bin': 'C:\Users\ShivaniRShankar\Downloads\Virtualbox-demo\webapp\actions-runner\bin'
[2025-02-11 06:10:26Z INFO HostContext] Well known directory 'Root': 'C:\Users\ShivaniRShankar\Downloads\Virtualbox-demo\webapp\actions-runner'
[2025-02-11 06:10:26Z INFO HostContext] Well known config file 'MigratedCredentials': 'C:\Users\ShivaniRShankar\Downloads\Virtualbox-demo\webapp\actions-runner\.credentials_migrated'
[2025-02-11 06:10:26Z INFO ConfigurationStore] MigratedCredFilePath: C:\Users\ShivaniRShankar\Downloads\Virtualbox-demo\webapp\actions-runner\.credentials_migrated
[2025-02-11 06:10:26Z INFO HostContext] Well known directory 'Bin': 'C:\Users\ShivaniRShankar\Downloads\Virtualbox-demo\webapp\actions-runner\bin'
[2025-02-11 06:10:26Z INFO HostContext] Well known directory 'Root': 'C:\Users\ShivaniRShankar\Downloads\Virtualbox-demo\webapp\actions-runner'
[2025-02-11 06:10:26Z INFO HostContext] Well known config file 'Service': 'C:\Users\ShivaniRShankar\Downloads\Virtualbox-demo\webapp\actions-runner\.service'
[2025-02-11 06:10:26Z INFO ConfigurationStore] ServiceConfigFilePath: C:\Users\ShivaniRShankar\Downloads\Virtualbox-demo\webapp\actions-runner\.service
[2025-02-11 06:10:26Z INFO CommandSettings] Flag 'help': 'False'
[2025-02-11 06:10:26Z INFO CommandSettings] Flag 'version': 'False'
[2025-02-11 06:10:26Z INFO CommandSettings] Flag 'commit': 'False'
[2025-02-11 06:10:26Z INFO CommandSettings] Flag 'check': 'False'
[2025-02-11 06:10:26Z INFO CommandSettings] Command 'configure': 'False'
[2025-02-11 06:10:26Z INFO CommandSettings] Command 'remove': 'False'
[2025-02-11 06:10:26Z INFO CommandSettings] Command 'warmup': 'False'
[2025-02-11 06:10:26Z INFO ConfigurationManager] LoadSettings
[2025-02-11 06:10:26Z INFO ConfigurationStore] IsConfigured()
[2025-02-11 06:10:26Z INFO ConfigurationStore] IsConfigured: True
[2025-02-11 06:10:26Z INFO ConfigurationManager] Is configured: True
[2025-02-11 06:10:26Z INFO ConfigurationStore] Read setting file: 331 chars
[2025-02-11 06:10:26Z INFO ConfigurationManager] Settings Loaded
[2025-02-11 06:10:26Z INFO ConfigurationStore] IsServiceConfigured()
[2025-02-11 06:10:26Z INFO ConfigurationStore] IsServiceConfigured: False
[2025-02-11 06:10:26Z INFO CommandSettings] Command 'run': 'True'
[2025-02-11 06:10:26Z INFO ConfigurationStore] IsConfigured()
[2025-02-11 06:10:26Z INFO ConfigurationStore] IsConfigured: True
[2025-02-11 06:10:26Z INFO ConfigurationManager] Is configured: True
[2025-02-11 06:10:26Z INFO Runner] Could not parse the argument value '' for StartupType. Defaulting to Manual
[2025-02-11 06:10:26Z INFO Runner] Set runner startup type - Manual
[2025-02-11 06:10:26Z INFO CommandSettings] Flag 'once': 'False'
[2025-02-11 06:10:26Z INFO CommandSettings] Flag 'once': 'False'
[2025-02-11 06:10:26Z INFO Runner] RunAsync
[2025-02-11 06:10:26Z INFO ConfigurationManager] LoadSettings
[2025-02-11 06:10:26Z INFO ConfigurationStore] IsConfigured()
[2025-02-11 06:10:26Z INFO ConfigurationStore] IsConfigured: True
[2025-02-11 06:10:26Z INFO ConfigurationManager] Is configured: True
[2025-02-11 06:10:26Z INFO ConfigurationManager] Settings Loaded
[2025-02-11 06:10:26Z INFO MessageListener] {
  "AgentId": 21,
  "AgentName": "LAPTOP-OI8LFRJP",
  "PoolId": 1,
  "PoolName": "Default",
  "ServerUrl": "https://pipelinesghubeus5.actions.githubusercontent.com/jdYqh5grQ5yqqVdXHpEgOSXGBVDX4lo6IkrmrdjkCe1AsJZvZB/",
  "GitHubUrl": "https://github.com/Shivanirshankar/nginxserveronvirtualboxvm",
  "WorkFolder": "_work"
}
[2025-02-11 06:10:26Z INFO MessageListener] Loading Credentials
[2025-02-11 06:10:26Z INFO ConfigurationStore] HasCredentials()
[2025-02-11 06:10:26Z INFO ConfigurationStore] stored True
[2025-02-11 06:10:26Z INFO CredentialManager] GetCredentialProvider
[2025-02-11 06:10:26Z INFO CredentialManager] Creating type OAuth
[2025-02-11 06:10:26Z INFO CredentialManager] Creating credential type: OAuth
[2025-02-11 06:10:26Z INFO HostContext] Well known directory 'Bin': 'C:\Users\ShivaniRShankar\Downloads\Virtualbox-demo\webapp\actions-runner\bin'
[2025-02-11 06:10:26Z INFO HostContext] Well known directory 'Root': 'C:\Users\ShivaniRShankar\Downloads\Virtualbox-demo\webapp\actions-runner'
[2025-02-11 06:10:26Z INFO HostContext] Well known config file 'RSACredentials': 'C:\Users\ShivaniRShankar\Downloads\Virtualbox-demo\webapp\actions-runner\.credentials_rsaparams'
[2025-02-11 06:10:26Z INFO RSAEncryptedFileKeyManager] Loading RSA key parameters from file C:\Users\ShivaniRShankar\Downloads\Virtualbox-demo\webapp\actions-runner\.credentials_rsaparams
[2025-02-11 06:10:26Z INFO MessageListener] Attempt to create session.
[2025-02-11 06:10:26Z INFO MessageListener] Connecting to the Runner Server...
[2025-02-11 06:10:26Z INFO RunnerServer] EstablishVssConnection
[2025-02-11 06:10:26Z INFO RunnerServer] Establish connection with 100 seconds timeout.
[2025-02-11 06:10:26Z INFO GitHubActionsService] Starting operation Location.GetConnectionData
[2025-02-11 06:10:26Z INFO RunnerServer] EstablishVssConnection
[2025-02-11 06:10:26Z INFO RunnerServer] Establish connection with 60 seconds timeout.
[2025-02-11 06:10:26Z INFO GitHubActionsService] Starting operation Location.GetConnectionData
[2025-02-11 06:10:26Z INFO RunnerServer] EstablishVssConnection
[2025-02-11 06:10:26Z INFO RunnerServer] Establish connection with 60 seconds timeout.
[2025-02-11 06:10:26Z INFO GitHubActionsService] Starting operation Location.GetConnectionData
[2025-02-11 06:10:27Z INFO GitHubActionsService] Finished operation Location.GetConnectionData
[2025-02-11 06:10:27Z INFO GitHubActionsService] Finished operation Location.GetConnectionData
[2025-02-11 06:10:27Z INFO GitHubActionsService] Finished operation Location.GetConnectionData
[2025-02-11 06:10:27Z INFO MessageListener] VssConnection created
[2025-02-11 06:10:27Z INFO Terminal] WRITE LINE: 
[2025-02-11 06:10:27Z INFO Terminal] WRITE LINE: 
[2025-02-11 06:10:28Z INFO RSAEncryptedFileKeyManager] Loading RSA key parameters from file C:\Users\ShivaniRShankar\Downloads\Virtualbox-demo\webapp\actions-runner\.credentials_rsaparams
[2025-02-11 06:10:28Z INFO RSAEncryptedFileKeyManager] Loading RSA key parameters from file C:\Users\ShivaniRShankar\Downloads\Virtualbox-demo\webapp\actions-runner\.credentials_rsaparams
[2025-02-11 06:10:29Z INFO GitHubActionsService] AAD Correlation ID for this token request: Unknown
[2025-02-11 06:10:29Z INFO MessageListener] Session created.
[2025-02-11 06:10:29Z INFO Terminal] WRITE LINE: Current runner version: '2.322.0'
[2025-02-11 06:10:29Z INFO Terminal] WRITE LINE: 2025-02-11 06:10:29Z: Listening for Jobs
[2025-02-11 06:10:29Z INFO JobDispatcher] Set runner/worker IPC timeout to 30 seconds.
[2025-02-11 06:10:29Z INFO RSAEncryptedFileKeyManager] Loading RSA key parameters from file C:\Users\ShivaniRShankar\Downloads\Virtualbox-demo\webapp\actions-runner\.credentials_rsaparams
[2025-02-11 06:10:30Z INFO GitHubActionsService] AAD Correlation ID for this token request: Unknown
[2025-02-11 06:10:32Z INFO MessageListener] Message '154872301153026526' received from session '2729114e-e292-4ed6-afc7-9c54870379e5'.
[2025-02-11 06:10:32Z INFO ConfigurationStore] HasCredentials()
[2025-02-11 06:10:32Z INFO ConfigurationStore] stored True
[2025-02-11 06:10:32Z INFO CredentialManager] GetCredentialProvider
[2025-02-11 06:10:32Z INFO CredentialManager] Creating type OAuth
[2025-02-11 06:10:32Z INFO CredentialManager] Creating credential type: OAuth
[2025-02-11 06:10:32Z INFO RSAEncryptedFileKeyManager] Loading RSA key parameters from file C:\Users\ShivaniRShankar\Downloads\Virtualbox-demo\webapp\actions-runner\.credentials_rsaparams
[2025-02-11 06:10:32Z INFO ActionsRunServer] EstablishVssConnection
[2025-02-11 06:10:32Z INFO ActionsRunServer] Establish connection with 100 seconds timeout.
[2025-02-11 06:10:32Z INFO GitHubActionsService] Starting operation Location.GetConnectionData
[2025-02-11 06:10:33Z INFO GitHubActionsService] Finished operation Location.GetConnectionData
[2025-02-11 06:10:33Z INFO RSAEncryptedFileKeyManager] Loading RSA key parameters from file C:\Users\ShivaniRShankar\Downloads\Virtualbox-demo\webapp\actions-runner\.credentials_rsaparams
[2025-02-11 06:10:33Z INFO RSAEncryptedFileKeyManager] Loading RSA key parameters from file C:\Users\ShivaniRShankar\Downloads\Virtualbox-demo\webapp\actions-runner\.credentials_rsaparams
[2025-02-11 06:10:34Z INFO GitHubActionsService] AAD Correlation ID for this token request: Unknown
[2025-02-11 06:10:35Z INFO JobDispatcher] Job request 14 for plan e2bdea19-ddb7-4db7-8b55-79673ff4a636 job de432112-adb6-5ad5-3f3e-213de73019ca received.
[2025-02-11 06:10:35Z INFO JobDispatcher] Pull OrchestrationId e2bdea19-ddb7-4db7-8b55-79673ff4a636.deploy-nginx-vm.__default from JWT claims
[2025-02-11 06:10:35Z INFO MessageListener] Received job status event. JobState: Busy
[2025-02-11 06:10:35Z INFO MessageListener] _getMessagesTokenSource is already disposed.
[2025-02-11 06:10:35Z INFO Terminal] WRITE LINE: 2025-02-11 06:10:35Z: Running job: deploy-nginx-vm
[2025-02-11 06:10:35Z INFO JobDispatcher] Start renew job request 14 for job de432112-adb6-5ad5-3f3e-213de73019ca.
[2025-02-11 06:10:35Z INFO JobDispatcher] Successfully renew job request 14, job is valid till 11-02-2025 06:20:34
[2025-02-11 06:10:35Z INFO HostContext] Well known directory 'Bin': 'C:\Users\ShivaniRShankar\Downloads\Virtualbox-demo\webapp\actions-runner\bin'
[2025-02-11 06:10:35Z INFO ProcessInvokerWrapper] Starting process:
[2025-02-11 06:10:35Z INFO ProcessInvokerWrapper]   File name: 'C:\Users\ShivaniRShankar\Downloads\Virtualbox-demo\webapp\actions-runner\bin\Runner.Worker.exe'
[2025-02-11 06:10:35Z INFO ProcessInvokerWrapper]   Arguments: 'spawnclient 2180 2272'
[2025-02-11 06:10:35Z INFO ProcessInvokerWrapper]   Working directory: 'C:\Users\ShivaniRShankar\Downloads\Virtualbox-demo\webapp\actions-runner\bin'
[2025-02-11 06:10:35Z INFO ProcessInvokerWrapper]   Require exit code zero: 'False'
[2025-02-11 06:10:35Z INFO ProcessInvokerWrapper]   Encoding web name:  ; code page: ''
[2025-02-11 06:10:35Z INFO ProcessInvokerWrapper]   Force kill process on cancellation: 'True'
[2025-02-11 06:10:35Z INFO ProcessInvokerWrapper]   Redirected STDIN: 'False'
[2025-02-11 06:10:35Z INFO ProcessInvokerWrapper]   Persist current code page: 'False'
[2025-02-11 06:10:35Z INFO ProcessInvokerWrapper]   Keep redirected STDIN open: 'False'
[2025-02-11 06:10:35Z INFO ProcessInvokerWrapper]   High priority process: 'True'
[2025-02-11 06:10:35Z INFO ProcessInvokerWrapper] Process started with process id 39544, waiting for process exit.
[2025-02-11 06:10:35Z INFO JobDispatcher] Send job request message to worker for job de432112-adb6-5ad5-3f3e-213de73019ca.
[2025-02-11 06:10:35Z INFO ProcessChannel] Sending message of length 25992, with hash '656e6f6707af997ab987a2b1d29f857149b9f87e9f5ba4cf945f13fa1f99ccfe'
[2025-02-11 06:10:35Z INFO JobNotification] Entering JobStarted Notification
[2025-02-11 06:10:35Z INFO JobNotification] Entering StartMonitor
[2025-02-11 06:11:24Z INFO ProcessInvokerWrapper] STDOUT/STDERR stream read finished.
[2025-02-11 06:11:24Z INFO ProcessInvokerWrapper] STDOUT/STDERR stream read finished.
[2025-02-11 06:11:24Z INFO ProcessInvokerWrapper] Finished process 39544 with exit code 102, and elapsed time 00:00:48.9257538.
[2025-02-11 06:11:24Z INFO JobDispatcher] Worker finished for job de432112-adb6-5ad5-3f3e-213de73019ca. Code: 102
[2025-02-11 06:11:24Z INFO JobDispatcher] finish job request for job de432112-adb6-5ad5-3f3e-213de73019ca with result: Failed
[2025-02-11 06:11:24Z INFO Terminal] WRITE LINE: 2025-02-11 06:11:24Z: Job deploy-nginx-vm completed with result: Failed
[2025-02-11 06:11:24Z INFO JobDispatcher] Stop renew job request for job de432112-adb6-5ad5-3f3e-213de73019ca.
[2025-02-11 06:11:24Z INFO JobDispatcher] job renew has been cancelled, stop renew job request 14.
[2025-02-11 06:11:24Z INFO JobNotification] Entering JobCompleted Notification
[2025-02-11 06:11:24Z INFO JobNotification] Entering EndMonitor
[2025-02-11 06:11:24Z INFO MessageListener] Received job status event. JobState: Online
