[2025-02-10 10:00:03Z INFO HostContext] No proxy settings were found based on environmental variables (http_proxy/https_proxy/HTTP_PROXY/HTTPS_PROXY)
[2025-02-10 10:00:03Z INFO HostContext] Well known directory 'Bin': 'C:\Users\ShivaniRShankar\Downloads\Virtualbox-demo\webapp\actions-runner\bin'
[2025-02-10 10:00:03Z INFO HostContext] Well known directory 'Root': 'C:\Users\ShivaniRShankar\Downloads\Virtualbox-demo\webapp\actions-runner'
[2025-02-10 10:00:03Z INFO HostContext] Well known config file 'Credentials': 'C:\Users\ShivaniRShankar\Downloads\Virtualbox-demo\webapp\actions-runner\.credentials'
[2025-02-10 10:00:04Z INFO HostContext] Well known directory 'Bin': 'C:\Users\ShivaniRShankar\Downloads\Virtualbox-demo\webapp\actions-runner\bin'
[2025-02-10 10:00:04Z INFO HostContext] Well known directory 'Root': 'C:\Users\ShivaniRShankar\Downloads\Virtualbox-demo\webapp\actions-runner'
[2025-02-10 10:00:04Z INFO HostContext] Well known config file 'Runner': 'C:\Users\ShivaniRShankar\Downloads\Virtualbox-demo\webapp\actions-runner\.runner'
[2025-02-10 10:00:04Z INFO Listener] Runner is built for Windows (X64) - win-x64.
[2025-02-10 10:00:04Z INFO Listener] RuntimeInformation: Microsoft Windows 10.0.22631.
[2025-02-10 10:00:04Z INFO Listener] Version: 2.322.0
[2025-02-10 10:00:04Z INFO Listener] Commit: 0edc478ca75d0a753dcbcec7405f3f26db67b1ac
[2025-02-10 10:00:04Z INFO Listener] Culture: en-IN
[2025-02-10 10:00:04Z INFO Listener] UI Culture: en-US
[2025-02-10 10:00:04Z INFO HostContext] Well known directory 'Bin': 'C:\Users\ShivaniRShankar\Downloads\Virtualbox-demo\webapp\actions-runner\bin'
[2025-02-10 10:00:04Z INFO HostContext] Well known directory 'Root': 'C:\Users\ShivaniRShankar\Downloads\Virtualbox-demo\webapp\actions-runner'
[2025-02-10 10:00:04Z INFO Listener] Validating directory permissions for: 'C:\Users\ShivaniRShankar\Downloads\Virtualbox-demo\webapp\actions-runner'
[2025-02-10 10:00:04Z INFO CommandLineParser] Parse
[2025-02-10 10:00:04Z INFO CommandLineParser] Parsing 1 args
[2025-02-10 10:00:04Z INFO CommandLineParser] parsing argument
[2025-02-10 10:00:04Z INFO CommandLineParser] HasArgs: False
[2025-02-10 10:00:04Z INFO CommandLineParser] Adding Command: run
[2025-02-10 10:00:04Z INFO Listener] Arguments parsed
[2025-02-10 10:00:04Z INFO Runner] ExecuteCommand
[2025-02-10 10:00:04Z INFO ConfigurationStore] currentAssemblyLocation: C:\Users\ShivaniRShankar\Downloads\Virtualbox-demo\webapp\actions-runner\bin\Runner.Listener.dll
[2025-02-10 10:00:04Z INFO HostContext] Well known directory 'Bin': 'C:\Users\ShivaniRShankar\Downloads\Virtualbox-demo\webapp\actions-runner\bin'
[2025-02-10 10:00:04Z INFO ConfigurationStore] binPath: C:\Users\ShivaniRShankar\Downloads\Virtualbox-demo\webapp\actions-runner\bin
[2025-02-10 10:00:04Z INFO HostContext] Well known directory 'Bin': 'C:\Users\ShivaniRShankar\Downloads\Virtualbox-demo\webapp\actions-runner\bin'
[2025-02-10 10:00:04Z INFO HostContext] Well known directory 'Root': 'C:\Users\ShivaniRShankar\Downloads\Virtualbox-demo\webapp\actions-runner'
[2025-02-10 10:00:04Z INFO ConfigurationStore] RootFolder: C:\Users\ShivaniRShankar\Downloads\Virtualbox-demo\webapp\actions-runner
[2025-02-10 10:00:04Z INFO HostContext] Well known directory 'Bin': 'C:\Users\ShivaniRShankar\Downloads\Virtualbox-demo\webapp\actions-runner\bin'
[2025-02-10 10:00:04Z INFO HostContext] Well known directory 'Root': 'C:\Users\ShivaniRShankar\Downloads\Virtualbox-demo\webapp\actions-runner'
[2025-02-10 10:00:04Z INFO HostContext] Well known config file 'Runner': 'C:\Users\ShivaniRShankar\Downloads\Virtualbox-demo\webapp\actions-runner\.runner'
[2025-02-10 10:00:04Z INFO ConfigurationStore] ConfigFilePath: C:\Users\ShivaniRShankar\Downloads\Virtualbox-demo\webapp\actions-runner\.runner
[2025-02-10 10:00:04Z INFO HostContext] Well known directory 'Bin': 'C:\Users\ShivaniRShankar\Downloads\Virtualbox-demo\webapp\actions-runner\bin'
[2025-02-10 10:00:04Z INFO HostContext] Well known directory 'Root': 'C:\Users\ShivaniRShankar\Downloads\Virtualbox-demo\webapp\actions-runner'
[2025-02-10 10:00:04Z INFO HostContext] Well known config file 'Credentials': 'C:\Users\ShivaniRShankar\Downloads\Virtualbox-demo\webapp\actions-runner\.credentials'
[2025-02-10 10:00:04Z INFO ConfigurationStore] CredFilePath: C:\Users\ShivaniRShankar\Downloads\Virtualbox-demo\webapp\actions-runner\.credentials
[2025-02-10 10:00:04Z INFO HostContext] Well known directory 'Bin': 'C:\Users\ShivaniRShankar\Downloads\Virtualbox-demo\webapp\actions-runner\bin'
[2025-02-10 10:00:04Z INFO HostContext] Well known directory 'Root': 'C:\Users\ShivaniRShankar\Downloads\Virtualbox-demo\webapp\actions-runner'
[2025-02-10 10:00:04Z INFO HostContext] Well known config file 'MigratedCredentials': 'C:\Users\ShivaniRShankar\Downloads\Virtualbox-demo\webapp\actions-runner\.credentials_migrated'
[2025-02-10 10:00:04Z INFO ConfigurationStore] MigratedCredFilePath: C:\Users\ShivaniRShankar\Downloads\Virtualbox-demo\webapp\actions-runner\.credentials_migrated
[2025-02-10 10:00:04Z INFO HostContext] Well known directory 'Bin': 'C:\Users\ShivaniRShankar\Downloads\Virtualbox-demo\webapp\actions-runner\bin'
[2025-02-10 10:00:04Z INFO HostContext] Well known directory 'Root': 'C:\Users\ShivaniRShankar\Downloads\Virtualbox-demo\webapp\actions-runner'
[2025-02-10 10:00:04Z INFO HostContext] Well known config file 'Service': 'C:\Users\ShivaniRShankar\Downloads\Virtualbox-demo\webapp\actions-runner\.service'
[2025-02-10 10:00:04Z INFO ConfigurationStore] ServiceConfigFilePath: C:\Users\ShivaniRShankar\Downloads\Virtualbox-demo\webapp\actions-runner\.service
[2025-02-10 10:00:04Z INFO CommandSettings] Flag 'help': 'False'
[2025-02-10 10:00:04Z INFO CommandSettings] Flag 'version': 'False'
[2025-02-10 10:00:04Z INFO CommandSettings] Flag 'commit': 'False'
[2025-02-10 10:00:04Z INFO CommandSettings] Flag 'check': 'False'
[2025-02-10 10:00:04Z INFO CommandSettings] Command 'configure': 'False'
[2025-02-10 10:00:04Z INFO CommandSettings] Command 'remove': 'False'
[2025-02-10 10:00:04Z INFO CommandSettings] Command 'warmup': 'False'
[2025-02-10 10:00:04Z INFO ConfigurationManager] LoadSettings
[2025-02-10 10:00:04Z INFO ConfigurationStore] IsConfigured()
[2025-02-10 10:00:04Z INFO ConfigurationStore] IsConfigured: True
[2025-02-10 10:00:04Z INFO ConfigurationManager] Is configured: True
[2025-02-10 10:00:04Z INFO ConfigurationStore] Read setting file: 331 chars
[2025-02-10 10:00:04Z INFO ConfigurationManager] Settings Loaded
[2025-02-10 10:00:04Z INFO ConfigurationStore] IsServiceConfigured()
[2025-02-10 10:00:04Z INFO ConfigurationStore] IsServiceConfigured: False
[2025-02-10 10:00:04Z INFO CommandSettings] Command 'run': 'True'
[2025-02-10 10:00:04Z INFO ConfigurationStore] IsConfigured()
[2025-02-10 10:00:04Z INFO ConfigurationStore] IsConfigured: True
[2025-02-10 10:00:04Z INFO ConfigurationManager] Is configured: True
[2025-02-10 10:00:04Z INFO Runner] Could not parse the argument value '' for StartupType. Defaulting to Manual
[2025-02-10 10:00:04Z INFO Runner] Set runner startup type - Manual
[2025-02-10 10:00:04Z INFO CommandSettings] Flag 'once': 'False'
[2025-02-10 10:00:04Z INFO CommandSettings] Flag 'once': 'False'
[2025-02-10 10:00:04Z INFO Runner] RunAsync
[2025-02-10 10:00:04Z INFO ConfigurationManager] LoadSettings
[2025-02-10 10:00:04Z INFO ConfigurationStore] IsConfigured()
[2025-02-10 10:00:04Z INFO ConfigurationStore] IsConfigured: True
[2025-02-10 10:00:04Z INFO ConfigurationManager] Is configured: True
[2025-02-10 10:00:04Z INFO ConfigurationManager] Settings Loaded
[2025-02-10 10:00:04Z INFO MessageListener] {
  "AgentId": 21,
  "AgentName": "LAPTOP-OI8LFRJP",
  "PoolId": 1,
  "PoolName": "Default",
  "ServerUrl": "https://pipelinesghubeus5.actions.githubusercontent.com/jdYqh5grQ5yqqVdXHpEgOSXGBVDX4lo6IkrmrdjkCe1AsJZvZB/",
  "GitHubUrl": "https://github.com/Shivanirshankar/nginxserveronvirtualboxvm",
  "WorkFolder": "_work"
}
[2025-02-10 10:00:04Z INFO MessageListener] Loading Credentials
[2025-02-10 10:00:04Z INFO ConfigurationStore] HasCredentials()
[2025-02-10 10:00:04Z INFO ConfigurationStore] stored True
[2025-02-10 10:00:04Z INFO CredentialManager] GetCredentialProvider
[2025-02-10 10:00:04Z INFO CredentialManager] Creating type OAuth
[2025-02-10 10:00:04Z INFO CredentialManager] Creating credential type: OAuth
[2025-02-10 10:00:04Z INFO HostContext] Well known directory 'Bin': 'C:\Users\ShivaniRShankar\Downloads\Virtualbox-demo\webapp\actions-runner\bin'
[2025-02-10 10:00:04Z INFO HostContext] Well known directory 'Root': 'C:\Users\ShivaniRShankar\Downloads\Virtualbox-demo\webapp\actions-runner'
[2025-02-10 10:00:04Z INFO HostContext] Well known config file 'RSACredentials': 'C:\Users\ShivaniRShankar\Downloads\Virtualbox-demo\webapp\actions-runner\.credentials_rsaparams'
[2025-02-10 10:00:04Z INFO RSAEncryptedFileKeyManager] Loading RSA key parameters from file C:\Users\ShivaniRShankar\Downloads\Virtualbox-demo\webapp\actions-runner\.credentials_rsaparams
[2025-02-10 10:00:04Z INFO MessageListener] Attempt to create session.
[2025-02-10 10:00:04Z INFO MessageListener] Connecting to the Runner Server...
[2025-02-10 10:00:04Z INFO RunnerServer] EstablishVssConnection
[2025-02-10 10:00:04Z INFO RunnerServer] Establish connection with 100 seconds timeout.
[2025-02-10 10:00:04Z INFO GitHubActionsService] Starting operation Location.GetConnectionData
[2025-02-10 10:00:04Z INFO RunnerServer] EstablishVssConnection
[2025-02-10 10:00:04Z INFO RunnerServer] Establish connection with 60 seconds timeout.
[2025-02-10 10:00:04Z INFO GitHubActionsService] Starting operation Location.GetConnectionData
[2025-02-10 10:00:04Z INFO RunnerServer] EstablishVssConnection
[2025-02-10 10:00:04Z INFO RunnerServer] Establish connection with 60 seconds timeout.
[2025-02-10 10:00:04Z INFO GitHubActionsService] Starting operation Location.GetConnectionData
[2025-02-10 10:00:05Z INFO GitHubActionsService] Finished operation Location.GetConnectionData
[2025-02-10 10:00:05Z INFO GitHubActionsService] Finished operation Location.GetConnectionData
[2025-02-10 10:00:05Z INFO GitHubActionsService] Finished operation Location.GetConnectionData
[2025-02-10 10:00:05Z INFO MessageListener] VssConnection created
[2025-02-10 10:00:05Z INFO Terminal] WRITE LINE: 
[2025-02-10 10:00:05Z INFO Terminal] WRITE LINE: 
[2025-02-10 10:00:05Z INFO RSAEncryptedFileKeyManager] Loading RSA key parameters from file C:\Users\ShivaniRShankar\Downloads\Virtualbox-demo\webapp\actions-runner\.credentials_rsaparams
[2025-02-10 10:00:05Z INFO RSAEncryptedFileKeyManager] Loading RSA key parameters from file C:\Users\ShivaniRShankar\Downloads\Virtualbox-demo\webapp\actions-runner\.credentials_rsaparams
[2025-02-10 10:00:06Z INFO GitHubActionsService] AAD Correlation ID for this token request: Unknown
[2025-02-10 10:00:07Z INFO MessageListener] Session created.
[2025-02-10 10:00:07Z INFO Terminal] WRITE LINE: Current runner version: '2.322.0'
[2025-02-10 10:00:07Z INFO Terminal] WRITE LINE: 2025-02-10 10:00:07Z: Listening for Jobs
[2025-02-10 10:00:07Z INFO JobDispatcher] Set runner/worker IPC timeout to 30 seconds.
[2025-02-10 10:00:07Z INFO RSAEncryptedFileKeyManager] Loading RSA key parameters from file C:\Users\ShivaniRShankar\Downloads\Virtualbox-demo\webapp\actions-runner\.credentials_rsaparams
[2025-02-10 10:00:08Z INFO GitHubActionsService] AAD Correlation ID for this token request: Unknown
[2025-02-10 10:02:11Z INFO MessageListener] Message '6874229738588480531' received from session '8602f43a-5ea8-423d-862d-dc6fcac42c93'.
[2025-02-10 10:02:11Z INFO ConfigurationStore] HasCredentials()
[2025-02-10 10:02:11Z INFO ConfigurationStore] stored True
[2025-02-10 10:02:11Z INFO CredentialManager] GetCredentialProvider
[2025-02-10 10:02:11Z INFO CredentialManager] Creating type OAuth
[2025-02-10 10:02:11Z INFO CredentialManager] Creating credential type: OAuth
[2025-02-10 10:02:11Z INFO RSAEncryptedFileKeyManager] Loading RSA key parameters from file C:\Users\ShivaniRShankar\Downloads\Virtualbox-demo\webapp\actions-runner\.credentials_rsaparams
[2025-02-10 10:02:11Z INFO ActionsRunServer] EstablishVssConnection
[2025-02-10 10:02:11Z INFO ActionsRunServer] Establish connection with 100 seconds timeout.
[2025-02-10 10:02:11Z INFO GitHubActionsService] Starting operation Location.GetConnectionData
[2025-02-10 10:02:12Z INFO GitHubActionsService] Finished operation Location.GetConnectionData
[2025-02-10 10:02:12Z INFO RSAEncryptedFileKeyManager] Loading RSA key parameters from file C:\Users\ShivaniRShankar\Downloads\Virtualbox-demo\webapp\actions-runner\.credentials_rsaparams
[2025-02-10 10:02:12Z INFO RSAEncryptedFileKeyManager] Loading RSA key parameters from file C:\Users\ShivaniRShankar\Downloads\Virtualbox-demo\webapp\actions-runner\.credentials_rsaparams
[2025-02-10 10:02:13Z INFO GitHubActionsService] AAD Correlation ID for this token request: Unknown
[2025-02-10 10:02:13Z INFO JobDispatcher] Job request 11 for plan c1261ce7-67a5-494e-b578-6d96e68c254e job de432112-adb6-5ad5-3f3e-213de73019ca received.
[2025-02-10 10:02:13Z INFO JobDispatcher] Pull OrchestrationId c1261ce7-67a5-494e-b578-6d96e68c254e.deploy-nginx-vm.__default from JWT claims
[2025-02-10 10:02:13Z INFO MessageListener] Received job status event. JobState: Busy
[2025-02-10 10:02:13Z INFO MessageListener] _getMessagesTokenSource is already disposed.
[2025-02-10 10:02:13Z INFO Terminal] WRITE LINE: 2025-02-10 10:02:13Z: Running job: deploy-nginx-vm
[2025-02-10 10:02:13Z INFO JobDispatcher] Start renew job request 11 for job de432112-adb6-5ad5-3f3e-213de73019ca.
[2025-02-10 10:02:14Z INFO JobDispatcher] Successfully renew job request 11, job is valid till 10-02-2025 10:12:13
[2025-02-10 10:02:14Z INFO HostContext] Well known directory 'Bin': 'C:\Users\ShivaniRShankar\Downloads\Virtualbox-demo\webapp\actions-runner\bin'
[2025-02-10 10:02:14Z INFO ProcessInvokerWrapper] Starting process:
[2025-02-10 10:02:14Z INFO ProcessInvokerWrapper]   File name: 'C:\Users\ShivaniRShankar\Downloads\Virtualbox-demo\webapp\actions-runner\bin\Runner.Worker.exe'
[2025-02-10 10:02:14Z INFO ProcessInvokerWrapper]   Arguments: 'spawnclient 1724 1828'
[2025-02-10 10:02:14Z INFO ProcessInvokerWrapper]   Working directory: 'C:\Users\ShivaniRShankar\Downloads\Virtualbox-demo\webapp\actions-runner\bin'
[2025-02-10 10:02:14Z INFO ProcessInvokerWrapper]   Require exit code zero: 'False'
[2025-02-10 10:02:14Z INFO ProcessInvokerWrapper]   Encoding web name:  ; code page: ''
[2025-02-10 10:02:14Z INFO ProcessInvokerWrapper]   Force kill process on cancellation: 'True'
[2025-02-10 10:02:14Z INFO ProcessInvokerWrapper]   Redirected STDIN: 'False'
[2025-02-10 10:02:14Z INFO ProcessInvokerWrapper]   Persist current code page: 'False'
[2025-02-10 10:02:14Z INFO ProcessInvokerWrapper]   Keep redirected STDIN open: 'False'
[2025-02-10 10:02:14Z INFO ProcessInvokerWrapper]   High priority process: 'True'
[2025-02-10 10:02:14Z INFO ProcessInvokerWrapper] Process started with process id 16244, waiting for process exit.
[2025-02-10 10:02:14Z INFO JobDispatcher] Send job request message to worker for job de432112-adb6-5ad5-3f3e-213de73019ca.
[2025-02-10 10:02:14Z INFO ProcessChannel] Sending message of length 25878, with hash '5e0fc7ab5265a1e89b1512aca1d05aba397f574d1ff347247bfb409349deab79'
[2025-02-10 10:02:15Z INFO JobNotification] Entering JobStarted Notification
[2025-02-10 10:02:15Z INFO JobNotification] Entering StartMonitor
[2025-02-10 10:03:15Z INFO JobDispatcher] Successfully renew job request 11, job is valid till 10-02-2025 10:13:14
[2025-02-10 10:04:15Z INFO JobDispatcher] Successfully renew job request 11, job is valid till 10-02-2025 10:14:14
[2025-02-10 10:05:15Z INFO JobDispatcher] Successfully renew job request 11, job is valid till 10-02-2025 10:15:15
[2025-02-10 10:05:52Z INFO ProcessInvokerWrapper] STDOUT/STDERR stream read finished.
[2025-02-10 10:05:52Z INFO ProcessInvokerWrapper] STDOUT/STDERR stream read finished.
[2025-02-10 10:05:52Z INFO ProcessInvokerWrapper] Finished process 16244 with exit code 102, and elapsed time 00:03:37.8641744.
[2025-02-10 10:05:52Z INFO JobDispatcher] Worker finished for job de432112-adb6-5ad5-3f3e-213de73019ca. Code: 102
[2025-02-10 10:05:52Z INFO JobDispatcher] finish job request for job de432112-adb6-5ad5-3f3e-213de73019ca with result: Failed
[2025-02-10 10:05:52Z INFO Terminal] WRITE LINE: 2025-02-10 10:05:52Z: Job deploy-nginx-vm completed with result: Failed
[2025-02-10 10:05:52Z INFO JobDispatcher] Stop renew job request for job de432112-adb6-5ad5-3f3e-213de73019ca.
[2025-02-10 10:05:52Z INFO JobDispatcher] job renew has been cancelled, stop renew job request 11.
[2025-02-10 10:05:52Z INFO JobNotification] Entering JobCompleted Notification
[2025-02-10 10:05:52Z INFO JobNotification] Entering EndMonitor
[2025-02-10 10:05:52Z INFO MessageListener] Received job status event. JobState: Online
