[2025-02-10 09:43:36Z INFO HostContext] No proxy settings were found based on environmental variables (http_proxy/https_proxy/HTTP_PROXY/HTTPS_PROXY)
[2025-02-10 09:43:36Z INFO HostContext] Well known directory 'Bin': 'C:\Users\ShivaniRShankar\Downloads\Virtualbox-demo\webapp\actions-runner\bin'
[2025-02-10 09:43:36Z INFO HostContext] Well known directory 'Root': 'C:\Users\ShivaniRShankar\Downloads\Virtualbox-demo\webapp\actions-runner'
[2025-02-10 09:43:36Z INFO HostContext] Well known config file 'Credentials': 'C:\Users\ShivaniRShankar\Downloads\Virtualbox-demo\webapp\actions-runner\.credentials'
[2025-02-10 09:43:36Z INFO HostContext] Well known directory 'Bin': 'C:\Users\ShivaniRShankar\Downloads\Virtualbox-demo\webapp\actions-runner\bin'
[2025-02-10 09:43:36Z INFO HostContext] Well known directory 'Root': 'C:\Users\ShivaniRShankar\Downloads\Virtualbox-demo\webapp\actions-runner'
[2025-02-10 09:43:36Z INFO HostContext] Well known config file 'Runner': 'C:\Users\ShivaniRShankar\Downloads\Virtualbox-demo\webapp\actions-runner\.runner'
[2025-02-10 09:43:36Z INFO Listener] Runner is built for Windows (X64) - win-x64.
[2025-02-10 09:43:36Z INFO Listener] RuntimeInformation: Microsoft Windows 10.0.22631.
[2025-02-10 09:43:36Z INFO Listener] Version: 2.322.0
[2025-02-10 09:43:36Z INFO Listener] Commit: 0edc478ca75d0a753dcbcec7405f3f26db67b1ac
[2025-02-10 09:43:36Z INFO Listener] Culture: en-IN
[2025-02-10 09:43:36Z INFO Listener] UI Culture: en-US
[2025-02-10 09:43:36Z INFO HostContext] Well known directory 'Bin': 'C:\Users\ShivaniRShankar\Downloads\Virtualbox-demo\webapp\actions-runner\bin'
[2025-02-10 09:43:36Z INFO HostContext] Well known directory 'Root': 'C:\Users\ShivaniRShankar\Downloads\Virtualbox-demo\webapp\actions-runner'
[2025-02-10 09:43:36Z INFO Listener] Validating directory permissions for: 'C:\Users\ShivaniRShankar\Downloads\Virtualbox-demo\webapp\actions-runner'
[2025-02-10 09:43:36Z INFO CommandLineParser] Parse
[2025-02-10 09:43:36Z INFO CommandLineParser] Parsing 5 args
[2025-02-10 09:43:36Z INFO CommandLineParser] parsing argument
[2025-02-10 09:43:36Z INFO CommandLineParser] HasArgs: False
[2025-02-10 09:43:36Z INFO CommandLineParser] Adding Command: configure
[2025-02-10 09:43:36Z INFO CommandLineParser] parsing argument
[2025-02-10 09:43:36Z INFO CommandLineParser] HasArgs: True
[2025-02-10 09:43:36Z INFO CommandLineParser] arg: url
[2025-02-10 09:43:36Z INFO CommandLineParser] parsing argument
[2025-02-10 09:43:36Z INFO CommandLineParser] HasArgs: True
[2025-02-10 09:43:36Z INFO CommandLineParser] Adding option 'url': 'https://github.com/Shivanirshankar/nginxserveronvirtualboxvm'
[2025-02-10 09:43:36Z INFO CommandLineParser] parsing argument
[2025-02-10 09:43:36Z INFO CommandLineParser] HasArgs: True
[2025-02-10 09:43:36Z INFO CommandLineParser] arg: token
[2025-02-10 09:43:36Z INFO CommandLineParser] parsing argument
[2025-02-10 09:43:36Z INFO CommandLineParser] HasArgs: True
[2025-02-10 09:43:36Z INFO CommandLineParser] Adding option 'token': '***'
[2025-02-10 09:43:36Z INFO Listener] Arguments parsed
[2025-02-10 09:43:36Z INFO Runner] ExecuteCommand
[2025-02-10 09:43:36Z INFO ConfigurationStore] currentAssemblyLocation: C:\Users\ShivaniRShankar\Downloads\Virtualbox-demo\webapp\actions-runner\bin\Runner.Listener.dll
[2025-02-10 09:43:36Z INFO HostContext] Well known directory 'Bin': 'C:\Users\ShivaniRShankar\Downloads\Virtualbox-demo\webapp\actions-runner\bin'
[2025-02-10 09:43:36Z INFO ConfigurationStore] binPath: C:\Users\ShivaniRShankar\Downloads\Virtualbox-demo\webapp\actions-runner\bin
[2025-02-10 09:43:36Z INFO HostContext] Well known directory 'Bin': 'C:\Users\ShivaniRShankar\Downloads\Virtualbox-demo\webapp\actions-runner\bin'
[2025-02-10 09:43:36Z INFO HostContext] Well known directory 'Root': 'C:\Users\ShivaniRShankar\Downloads\Virtualbox-demo\webapp\actions-runner'
[2025-02-10 09:43:36Z INFO ConfigurationStore] RootFolder: C:\Users\ShivaniRShankar\Downloads\Virtualbox-demo\webapp\actions-runner
[2025-02-10 09:43:36Z INFO HostContext] Well known directory 'Bin': 'C:\Users\ShivaniRShankar\Downloads\Virtualbox-demo\webapp\actions-runner\bin'
[2025-02-10 09:43:36Z INFO HostContext] Well known directory 'Root': 'C:\Users\ShivaniRShankar\Downloads\Virtualbox-demo\webapp\actions-runner'
[2025-02-10 09:43:36Z INFO HostContext] Well known config file 'Runner': 'C:\Users\ShivaniRShankar\Downloads\Virtualbox-demo\webapp\actions-runner\.runner'
[2025-02-10 09:43:36Z INFO ConfigurationStore] ConfigFilePath: C:\Users\ShivaniRShankar\Downloads\Virtualbox-demo\webapp\actions-runner\.runner
[2025-02-10 09:43:36Z INFO HostContext] Well known directory 'Bin': 'C:\Users\ShivaniRShankar\Downloads\Virtualbox-demo\webapp\actions-runner\bin'
[2025-02-10 09:43:36Z INFO HostContext] Well known directory 'Root': 'C:\Users\ShivaniRShankar\Downloads\Virtualbox-demo\webapp\actions-runner'
[2025-02-10 09:43:36Z INFO HostContext] Well known config file 'Credentials': 'C:\Users\ShivaniRShankar\Downloads\Virtualbox-demo\webapp\actions-runner\.credentials'
[2025-02-10 09:43:36Z INFO ConfigurationStore] CredFilePath: C:\Users\ShivaniRShankar\Downloads\Virtualbox-demo\webapp\actions-runner\.credentials
[2025-02-10 09:43:36Z INFO HostContext] Well known directory 'Bin': 'C:\Users\ShivaniRShankar\Downloads\Virtualbox-demo\webapp\actions-runner\bin'
[2025-02-10 09:43:36Z INFO HostContext] Well known directory 'Root': 'C:\Users\ShivaniRShankar\Downloads\Virtualbox-demo\webapp\actions-runner'
[2025-02-10 09:43:36Z INFO HostContext] Well known config file 'MigratedCredentials': 'C:\Users\ShivaniRShankar\Downloads\Virtualbox-demo\webapp\actions-runner\.credentials_migrated'
[2025-02-10 09:43:36Z INFO ConfigurationStore] MigratedCredFilePath: C:\Users\ShivaniRShankar\Downloads\Virtualbox-demo\webapp\actions-runner\.credentials_migrated
[2025-02-10 09:43:36Z INFO HostContext] Well known directory 'Bin': 'C:\Users\ShivaniRShankar\Downloads\Virtualbox-demo\webapp\actions-runner\bin'
[2025-02-10 09:43:36Z INFO HostContext] Well known directory 'Root': 'C:\Users\ShivaniRShankar\Downloads\Virtualbox-demo\webapp\actions-runner'
[2025-02-10 09:43:36Z INFO HostContext] Well known config file 'Service': 'C:\Users\ShivaniRShankar\Downloads\Virtualbox-demo\webapp\actions-runner\.service'
[2025-02-10 09:43:36Z INFO ConfigurationStore] ServiceConfigFilePath: C:\Users\ShivaniRShankar\Downloads\Virtualbox-demo\webapp\actions-runner\.service
[2025-02-10 09:43:36Z INFO CommandSettings] Flag 'help': 'False'
[2025-02-10 09:43:36Z INFO CommandSettings] Flag 'version': 'False'
[2025-02-10 09:43:36Z INFO CommandSettings] Flag 'commit': 'False'
[2025-02-10 09:43:36Z INFO CommandSettings] Flag 'check': 'False'
[2025-02-10 09:43:36Z INFO CommandSettings] Command 'configure': 'True'
[2025-02-10 09:43:36Z INFO Terminal] WRITE LINE: 
[2025-02-10 09:43:36Z INFO Terminal] WRITE LINE: --------------------------------------------------------------------------------
[2025-02-10 09:43:36Z INFO Terminal] WRITE LINE: |        ____ _ _   _   _       _          _        _   _                      |
[2025-02-10 09:43:36Z INFO Terminal] WRITE LINE: |       / ___(_) |_| | | |_   _| |__      / \   ___| |_(_) ___  _ __  ___      |
[2025-02-10 09:43:36Z INFO Terminal] WRITE LINE: |      | |  _| | __| |_| | | | | '_ \    / _ \ / __| __| |/ _ \| '_ \/ __|     |
[2025-02-10 09:43:36Z INFO Terminal] WRITE LINE: |      | |_| | | |_|  _  | |_| | |_) |  / ___ \ (__| |_| | (_) | | | \__ \     |
[2025-02-10 09:43:36Z INFO Terminal] WRITE LINE: |       \____|_|\__|_| |_|\__,_|_.__/  /_/   \_\___|\__|_|\___/|_| |_|___/     |
[2025-02-10 09:43:36Z INFO Terminal] WRITE LINE: |                                                                              |
[2025-02-10 09:43:36Z INFO Terminal] WRITE: |                       
[2025-02-10 09:43:36Z INFO Terminal] WRITE: Self-hosted runner registration
[2025-02-10 09:43:36Z INFO Terminal] WRITE LINE:                         |
[2025-02-10 09:43:36Z INFO Terminal] WRITE LINE: |                                                                              |
[2025-02-10 09:43:36Z INFO Terminal] WRITE LINE: --------------------------------------------------------------------------------
[2025-02-10 09:43:36Z INFO ConfigurationManager] ConfigureAsync
[2025-02-10 09:43:36Z INFO CommandSettings] Flag 'generateServiceConfig': 'False'
[2025-02-10 09:43:36Z INFO ConfigurationStore] IsConfigured()
[2025-02-10 09:43:36Z INFO ConfigurationStore] IsConfigured: False
[2025-02-10 09:43:36Z INFO ConfigurationManager] Is configured: False
[2025-02-10 09:43:36Z INFO CommandSettings] Arg 'url': 'https://github.com/Shivanirshankar/nginxserveronvirtualboxvm'
[2025-02-10 09:43:36Z INFO CommandSettings] Remove url from Arg dictionary.
[2025-02-10 09:43:36Z INFO CommandSettings] Arg 'token': '***'
[2025-02-10 09:43:36Z INFO CommandSettings] Remove token from Arg dictionary.
[2025-02-10 09:43:37Z INFO ConfigurationManager] Http response code: OK from 'POST https://api.github.com/actions/runner-registration' (5E6C:2DFA02:41975C2:8400A64:67A9CA48)
[2025-02-10 09:43:37Z INFO ConfigurationManager] Using V2 flow: False
[2025-02-10 09:43:37Z INFO ConfigurationManager] cred retrieved via GitHub auth
[2025-02-10 09:43:37Z INFO RunnerServer] EstablishVssConnection
[2025-02-10 09:43:37Z INFO RunnerServer] Establish connection with 100 seconds timeout.
[2025-02-10 09:43:38Z INFO GitHubActionsService] Starting operation Location.GetConnectionData
[2025-02-10 09:43:38Z INFO RunnerServer] EstablishVssConnection
[2025-02-10 09:43:38Z INFO RunnerServer] Establish connection with 60 seconds timeout.
[2025-02-10 09:43:38Z INFO GitHubActionsService] Starting operation Location.GetConnectionData
[2025-02-10 09:43:38Z INFO RunnerServer] EstablishVssConnection
[2025-02-10 09:43:38Z INFO RunnerServer] Establish connection with 60 seconds timeout.
[2025-02-10 09:43:38Z INFO GitHubActionsService] Starting operation Location.GetConnectionData
[2025-02-10 09:43:39Z INFO GitHubActionsService] Finished operation Location.GetConnectionData
[2025-02-10 09:43:39Z INFO GitHubActionsService] Finished operation Location.GetConnectionData
[2025-02-10 09:43:39Z INFO GitHubActionsService] Finished operation Location.GetConnectionData
[2025-02-10 09:43:39Z INFO Terminal] WRITE LINE: 
[2025-02-10 09:43:39Z INFO ConfigurationManager] Test Connection complete.
[2025-02-10 09:43:39Z INFO HostContext] Well known directory 'Bin': 'C:\Users\ShivaniRShankar\Downloads\Virtualbox-demo\webapp\actions-runner\bin'
[2025-02-10 09:43:39Z INFO HostContext] Well known directory 'Root': 'C:\Users\ShivaniRShankar\Downloads\Virtualbox-demo\webapp\actions-runner'
[2025-02-10 09:43:39Z INFO HostContext] Well known config file 'RSACredentials': 'C:\Users\ShivaniRShankar\Downloads\Virtualbox-demo\webapp\actions-runner\.credentials_rsaparams'
[2025-02-10 09:43:39Z INFO RSAEncryptedFileKeyManager] Creating new RSA key using 2048-bit key length
[2025-02-10 09:43:40Z INFO RSAEncryptedFileKeyManager] Successfully saved RSA key parameters to file C:\Users\ShivaniRShankar\Downloads\Virtualbox-demo\webapp\actions-runner\.credentials_rsaparams
[2025-02-10 09:43:40Z INFO CommandSettings] Arg 'runnergroup': ''
[2025-02-10 09:43:40Z INFO CommandSettings] Flag 'unattended': 'False'
[2025-02-10 09:43:40Z INFO PromptManager] ReadValue
[2025-02-10 09:43:40Z INFO Terminal] WRITE: Enter the name of the runner group to add this runner to: 
[2025-02-10 09:43:40Z INFO Terminal] WRITE: [press Enter for Default] 
[2025-02-10 09:43:40Z INFO Terminal] READ LINE
[2025-02-10 09:44:09Z INFO Terminal] Read value: 'vagrant'
[2025-02-10 09:44:09Z INFO Terminal] WRITE LINE: 
[2025-02-10 09:44:09Z ERR  Runner] GitHub.DistributedTask.WebApi.TaskAgentPoolNotFoundException: Could not find any self-hosted runner group named "vagrant".
   at GitHub.Runner.Listener.Configuration.ConfigurationManager.ConfigureAsync(CommandSettings command)
   at GitHub.Runner.Listener.Runner.ExecuteCommand(CommandSettings command)
[2025-02-10 09:44:09Z ERR  Terminal] WRITE ERROR: Could not find any self-hosted runner group named "vagrant".
[2025-02-10 09:44:09Z INFO Listener] Runner execution has finished with return code 1
